SF:C:\Users\Viktor\Desktop\diplomna\Managing-agriculture\ManagingAgriculture\Program.cs
FN:7,System.Void Program/<<Main>$>d__0::MoveNext()
FNDA:0,System.Void Program/<<Main>$>d__0::MoveNext()
DA:8,0
DA:12,0
DA:13,0
DA:14,0
DA:16,0
DA:17,0
DA:18,0
DA:19,0
DA:20,0
DA:21,0
DA:22,0
DA:23,0
DA:25,0
DA:27,0
DA:31,0
DA:32,0
DA:33,0
DA:35,0
DA:36,0
DA:37,0
DA:38,0
DA:39,0
DA:40,0
DA:41,0
DA:42,0
DA:43,0
DA:45,0
DA:46,0
DA:47,0
DA:48,0
DA:49,0
DA:52,0
DA:55,0
DA:57,0
DA:58,0
DA:60,0
DA:62,0
DA:63,0
DA:64,0
DA:66,0
BRDA:45,510,0,0
BRDA:45,510,1,0
LF:40
LH:0
BRF:2
BRH:0
FNF:1
FNH:0
end_of_record
SF:C:\Users\Viktor\Desktop\diplomna\Managing-agriculture\ManagingAgriculture\Views\Account\Login.cshtml
FN:46,System.Void AspNetCoreGeneratedDocument.Views_Account_Login/<<ExecuteAsync>b__23_2>d::MoveNext()
FNDA:0,System.Void AspNetCoreGeneratedDocument.Views_Account_Login/<<ExecuteAsync>b__23_2>d::MoveNext()
DA:47,0
DA:48,0
DA:50,0
BRDA:47,176,0,0
BRDA:47,176,1,0
BRDA:50,742,0,0
BRDA:50,742,1,0
BRDA:50,1358,0,0
BRDA:50,1358,1,0
BRDA:50,2028,0,0
BRDA:50,2028,1,0
BRDA:50,2644,0,0
BRDA:50,2644,1,0
FN:2,System.Void AspNetCoreGeneratedDocument.Views_Account_Login/<ExecuteAsync>d__23::MoveNext()
FNDA:0,System.Void AspNetCoreGeneratedDocument.Views_Account_Login/<ExecuteAsync>d__23::MoveNext()
DA:3,0
DA:4,0
BRDA:4,357,0,0
BRDA:4,357,1,0
BRDA:4,795,0,0
BRDA:4,795,1,0
LF:5
LH:0
BRF:14
BRH:0
FNF:2
FNH:0
end_of_record
SF:C:\Users\Viktor\Desktop\diplomna\Managing-agriculture\ManagingAgriculture\Views\Account\Register.cshtml
FN:2,System.Void AspNetCoreGeneratedDocument.Views_Account_Register/<ExecuteAsync>d__27::MoveNext()
FNDA:0,System.Void AspNetCoreGeneratedDocument.Views_Account_Register/<ExecuteAsync>d__27::MoveNext()
DA:3,0
DA:4,0
BRDA:4,357,0,0
BRDA:4,357,1,0
BRDA:4,795,0,0
BRDA:4,795,1,0
LF:2
LH:0
BRF:4
BRH:0
FNF:1
FNH:0
end_of_record
SF:C:\Users\Viktor\Desktop\diplomna\Managing-agriculture\ManagingAgriculture\Views\Admin\Companies.cshtml
FN:2,System.Void AspNetCoreGeneratedDocument.Views_Admin_Companies/<ExecuteAsync>d__9::MoveNext()
FNDA:0,System.Void AspNetCoreGeneratedDocument.Views_Admin_Companies/<ExecuteAsync>d__9::MoveNext()
DA:3,0
DA:13,0
DA:14,0
DA:40,0
BRDA:3,397,0,0
BRDA:3,397,1,0
BRDA:13,886,1,0
BRDA:13,886,0,0
LF:4
LH:0
BRF:4
BRH:0
FNF:1
FNH:0
end_of_record
SF:C:\Users\Viktor\Desktop\diplomna\Managing-agriculture\ManagingAgriculture\Views\Admin\Index.cshtml
FN:2,System.Void AspNetCoreGeneratedDocument.Views_Admin_Index/<ExecuteAsync>d__9::MoveNext()
FNDA:0,System.Void AspNetCoreGeneratedDocument.Views_Admin_Index/<ExecuteAsync>d__9::MoveNext()
DA:3,0
DA:92,0
DA:93,0
DA:98,0
DA:99,0
DA:104,0
DA:117,0
DA:118,0
DA:127,0
BRDA:3,397,0,0
BRDA:3,397,1,0
BRDA:92,1589,1,0
BRDA:98,970,0,0
BRDA:98,970,1,0
BRDA:99,1052,0,0
BRDA:99,1066,0,0
BRDA:99,1052,1,0
BRDA:99,1066,1,0
BRDA:99,1080,1,0
BRDA:99,1080,0,0
BRDA:92,1589,0,0
BRDA:117,1822,1,0
BRDA:117,1822,0,0
LF:9
LH:0
BRF:14
BRH:0
FNF:1
FNH:0
end_of_record
SF:C:\Users\Viktor\Desktop\diplomna\Managing-agriculture\ManagingAgriculture\Views\Admin\Messages.cshtml
FN:2,System.Void AspNetCoreGeneratedDocument.Views_Admin_Messages/<ExecuteAsync>d__13::MoveNext()
FNDA:0,System.Void AspNetCoreGeneratedDocument.Views_Admin_Messages/<ExecuteAsync>d__13::MoveNext()
DA:3,0
DA:26,0
DA:27,0
DA:28,0
DA:29,0
DA:38,0
DA:39,0
DA:42,0
DA:44,0
DA:46,0
DA:49,0
DA:50,0
DA:54,0
DA:56,0
DA:58,0
DA:61,0
DA:62,0
DA:64,0
DA:66,0
BRDA:3,420,0,0
BRDA:3,420,1,0
BRDA:26,616,0,0
BRDA:26,616,1,0
BRDA:26,641,0,0
BRDA:28,1204,1,0
BRDA:38,894,0,0
BRDA:39,941,0,0
BRDA:39,941,1,0
BRDA:38,894,1,0
BRDA:49,1041,0,0
BRDA:49,1041,1,0
BRDA:28,1204,0,0
BRDA:26,641,1,0
BRDA:66,1693,0,0
BRDA:66,1693,1,0
LF:19
LH:0
BRF:16
BRH:0
FNF:1
FNH:0
end_of_record
SF:C:\Users\Viktor\Desktop\diplomna\Managing-agriculture\ManagingAgriculture\Views\Admin\Reports.cshtml
FN:1,System.Void AspNetCoreGeneratedDocument.Views_Admin_Reports/<ExecuteAsync>d__9::MoveNext()
FNDA:0,System.Void AspNetCoreGeneratedDocument.Views_Admin_Reports/<ExecuteAsync>d__9::MoveNext()
DA:2,0
BRDA:2,397,0,0
BRDA:2,397,1,0
LF:1
LH:0
BRF:2
BRH:0
FNF:1
FNH:0
end_of_record
SF:C:\Users\Viktor\Desktop\diplomna\Managing-agriculture\ManagingAgriculture\Views\Admin\Users.cshtml
FN:21,System.Void AspNetCoreGeneratedDocument.Views_Admin_Users/<<ExecuteAsync>b__18_1>d::MoveNext()
FNDA:0,System.Void AspNetCoreGeneratedDocument.Views_Admin_Users/<<ExecuteAsync>b__18_1>d::MoveNext()
DA:22,0
DA:23,0
DA:25,0
BRDA:22,107,1,0
BRDA:22,107,0,0
BRDA:22,259,1,0
BRDA:22,259,0,0
BRDA:22,686,0,0
BRDA:22,686,1,0
BRDA:22,878,1,0
BRDA:22,878,0,0
BRDA:22,2052,1,0
BRDA:23,1335,1,0
BRDA:23,1335,0,0
BRDA:23,1487,1,0
BRDA:23,1487,0,0
BRDA:23,1565,1,0
BRDA:23,1565,0,0
BRDA:23,1848,0,0
BRDA:23,1848,1,0
BRDA:22,2052,0,0
FN:2,System.Void AspNetCoreGeneratedDocument.Views_Admin_Users/<ExecuteAsync>d__18::MoveNext()
FNDA:0,System.Void AspNetCoreGeneratedDocument.Views_Admin_Users/<ExecuteAsync>d__18::MoveNext()
DA:3,0
DA:50,0
DA:51,0
DA:60,0
DA:61,0
DA:63,0
DA:65,0
DA:67,0
DA:76,0
DA:77,0
DA:85,0
DA:99,0
BRDA:3,441,0,0
BRDA:3,441,1,0
BRDA:3,1005,0,0
BRDA:3,1005,1,0
BRDA:50,3076,1,0
BRDA:60,1528,0,0
BRDA:60,1528,1,0
BRDA:76,1594,1,0
BRDA:76,1594,0,0
BRDA:76,2402,1,0
BRDA:77,2198,0,0
BRDA:77,2198,1,0
BRDA:76,2402,0,0
BRDA:76,2872,0,0
BRDA:76,2872,1,0
BRDA:50,3076,0,0
LF:15
LH:0
BRF:34
BRH:0
FNF:2
FNH:0
end_of_record
SF:C:\Users\Viktor\Desktop\diplomna\Managing-agriculture\ManagingAgriculture\Views\Boss\Calendar.cshtml
FN:1,System.Void AspNetCoreGeneratedDocument.Views_Boss_Calendar/<ExecuteAsync>d__0::MoveNext()
FNDA:0,System.Void AspNetCoreGeneratedDocument.Views_Boss_Calendar/<ExecuteAsync>d__0::MoveNext()
DA:2,0
LF:1
LH:0
BRF:0
BRH:0
FNF:1
FNH:0
end_of_record
SF:C:\Users\Viktor\Desktop\diplomna\Managing-agriculture\ManagingAgriculture\Views\Boss\CreateField.cshtml
FN:2,System.Void AspNetCoreGeneratedDocument.Views_Boss_CreateField/<ExecuteAsync>d__27::MoveNext()
FNDA:0,System.Void AspNetCoreGeneratedDocument.Views_Boss_CreateField/<ExecuteAsync>d__27::MoveNext()
DA:3,0
BRDA:3,479,0,0
BRDA:3,479,1,0
LF:1
LH:0
BRF:2
BRH:0
FNF:1
FNH:0
end_of_record
SF:C:\Users\Viktor\Desktop\diplomna\Managing-agriculture\ManagingAgriculture\Views\Boss\EditField.cshtml
FN:85,System.Void AspNetCoreGeneratedDocument.Views_Boss_EditField/<<ExecuteAsync>b__23_0>d::MoveNext()
FNDA:0,System.Void AspNetCoreGeneratedDocument.Views_Boss_EditField/<<ExecuteAsync>b__23_0>d::MoveNext()
DA:86,0
DA:87,0
DA:89,0
DA:91,0
DA:93,0
BRDA:86,790,0,0
BRDA:86,790,1,0
BRDA:86,1488,0,0
BRDA:86,1488,1,0
BRDA:86,2102,0,0
BRDA:86,2102,1,0
BRDA:86,2702,0,0
BRDA:86,2702,1,0
BRDA:86,3476,0,0
BRDA:86,3476,1,0
BRDA:86,4092,0,0
BRDA:86,4092,1,0
BRDA:86,4694,0,0
BRDA:86,4694,1,0
BRDA:86,5380,0,0
BRDA:86,5380,1,0
BRDA:86,5996,0,0
BRDA:86,5996,1,0
BRDA:86,6598,0,0
BRDA:86,6598,1,0
BRDA:86,7284,0,0
BRDA:86,7284,1,0
BRDA:86,7900,0,0
BRDA:86,7900,1,0
BRDA:86,8502,0,0
BRDA:86,8502,1,0
BRDA:86,9188,0,0
BRDA:86,9188,1,0
BRDA:86,9804,0,0
BRDA:86,9804,1,0
BRDA:86,10406,0,0
BRDA:86,10406,1,0
BRDA:86,11182,0,0
BRDA:86,11182,1,0
BRDA:86,11798,0,0
BRDA:86,11798,1,0
BRDA:86,12004,0,0
BRDA:86,12004,1,0
BRDA:93,12393,0,0
BRDA:93,12393,1,0
FN:2,System.Void AspNetCoreGeneratedDocument.Views_Boss_EditField/<ExecuteAsync>d__23::MoveNext()
FNDA:0,System.Void AspNetCoreGeneratedDocument.Views_Boss_EditField/<ExecuteAsync>d__23::MoveNext()
DA:3,0
BRDA:3,348,0,0
BRDA:3,348,1,0
BRDA:3,736,0,0
BRDA:3,736,1,0
LF:6
LH:0
BRF:44
BRH:0
FNF:2
FNH:0
end_of_record
SF:C:\Users\Viktor\Desktop\diplomna\Managing-agriculture\ManagingAgriculture\Views\Boss\Index.cshtml
FN:1,System.Void AspNetCoreGeneratedDocument.Views_Boss_Index/<ExecuteAsync>d__22::MoveNext()
FNDA:0,System.Void AspNetCoreGeneratedDocument.Views_Boss_Index/<ExecuteAsync>d__22::MoveNext()
DA:2,0
BRDA:2,564,0,0
BRDA:2,564,1,0
BRDA:2,1078,0,0
BRDA:2,1078,1,0
BRDA:2,1592,0,0
BRDA:2,1592,1,0
BRDA:2,2128,0,0
BRDA:2,2128,1,0
BRDA:2,2696,0,0
BRDA:2,2696,1,0
BRDA:2,3266,0,0
BRDA:2,3266,1,0
BRDA:2,3836,0,0
BRDA:2,3836,1,0
LF:1
LH:0
BRF:14
BRH:0
FNF:1
FNH:0
end_of_record
SF:C:\Users\Viktor\Desktop\diplomna\Managing-agriculture\ManagingAgriculture\Views\Boss\ManageCompany.cshtml
FN:20,System.Void AspNetCoreGeneratedDocument.Views_Boss_ManageCompany/<<ExecuteAsync>b__14_0>d::MoveNext()
FNDA:0,System.Void AspNetCoreGeneratedDocument.Views_Boss_ManageCompany/<<ExecuteAsync>b__14_0>d::MoveNext()
DA:21,0
DA:22,0
DA:27,0
BRDA:21,303,0,0
BRDA:21,303,1,0
BRDA:27,783,0,0
BRDA:27,783,1,0
FN:2,System.Void AspNetCoreGeneratedDocument.Views_Boss_ManageCompany/<ExecuteAsync>d__14::MoveNext()
FNDA:0,System.Void AspNetCoreGeneratedDocument.Views_Boss_ManageCompany/<ExecuteAsync>d__14::MoveNext()
DA:3,0
BRDA:3,501,0,0
BRDA:3,501,1,0
LF:4
LH:0
BRF:6
BRH:0
FNF:2
FNH:0
end_of_record
SF:C:\Users\Viktor\Desktop\diplomna\Managing-agriculture\ManagingAgriculture\Views\Boss\ManageFields.cshtml
FN:2,System.Void AspNetCoreGeneratedDocument.Views_Boss_ManageFields/<ExecuteAsync>d__16::MoveNext()
FNDA:0,System.Void AspNetCoreGeneratedDocument.Views_Boss_ManageFields/<ExecuteAsync>d__16::MoveNext()
DA:3,0
DA:13,0
DA:14,0
DA:30,0
DA:31,0
DA:40,0
DA:41,0
DA:43,0
DA:45,0
DA:47,0
DA:56,0
DA:60,0
DA:62,0
DA:66,0
BRDA:3,441,0,0
BRDA:3,441,1,0
BRDA:13,637,0,0
BRDA:13,637,1,0
BRDA:13,665,0,0
BRDA:30,2687,1,0
BRDA:40,1063,0,0
BRDA:40,1063,1,0
BRDA:47,1304,0,0
BRDA:47,1304,1,0
BRDA:47,1658,0,0
BRDA:47,1658,1,0
BRDA:47,2075,0,0
BRDA:47,2075,1,0
BRDA:47,2483,0,0
BRDA:47,2483,1,0
BRDA:30,2687,0,0
BRDA:13,665,1,0
BRDA:62,3077,0,0
BRDA:62,3077,1,0
LF:14
LH:0
BRF:20
BRH:0
FNF:1
FNH:0
end_of_record
SF:C:\Users\Viktor\Desktop\diplomna\Managing-agriculture\ManagingAgriculture\Views\Boss\ManageLeaveRequests.cshtml
FN:36,System.Boolean AspNetCoreGeneratedDocument.Views_Boss_ManageLeaveRequests/<>c::<ExecuteAsync>b__15_1(ManagingAgriculture.Models.LeaveRequest)
FNDA:0,System.Boolean AspNetCoreGeneratedDocument.Views_Boss_ManageLeaveRequests/<>c::<ExecuteAsync>b__15_1(ManagingAgriculture.Models.LeaveRequest)
DA:37,0
FN:41,System.Boolean AspNetCoreGeneratedDocument.Views_Boss_ManageLeaveRequests/<>c::<ExecuteAsync>b__15_2(ManagingAgriculture.Models.LeaveRequest)
FNDA:0,System.Boolean AspNetCoreGeneratedDocument.Views_Boss_ManageLeaveRequests/<>c::<ExecuteAsync>b__15_2(ManagingAgriculture.Models.LeaveRequest)
DA:42,0
FN:122,System.DateTime AspNetCoreGeneratedDocument.Views_Boss_ManageLeaveRequests/<>c::<ExecuteAsync>b__15_7(ManagingAgriculture.Models.LeaveRequest)
FNDA:0,System.DateTime AspNetCoreGeneratedDocument.Views_Boss_ManageLeaveRequests/<>c::<ExecuteAsync>b__15_7(ManagingAgriculture.Models.LeaveRequest)
DA:123,0
FN:2,System.Void AspNetCoreGeneratedDocument.Views_Boss_ManageLeaveRequests/<ExecuteAsync>d__15::MoveNext()
FNDA:0,System.Void AspNetCoreGeneratedDocument.Views_Boss_ManageLeaveRequests/<ExecuteAsync>d__15::MoveNext()
DA:3,0
DA:17,0
DA:18,0
DA:23,0
DA:24,0
DA:25,0
DA:30,0
DA:44,0
DA:45,0
DA:58,0
DA:59,0
DA:87,0
DA:91,0
DA:93,0
DA:98,0
DA:108,0
DA:109,0
DA:124,0
DA:130,0
DA:131,0
DA:133,0
DA:134,0
DA:135,0
DA:137,0
DA:139,0
DA:141,0
DA:146,0
DA:150,0
DA:152,0
DA:154,0
BRDA:3,433,0,0
BRDA:3,433,1,0
BRDA:17,646,0,0
BRDA:17,646,1,0
BRDA:24,745,0,0
BRDA:24,745,1,0
BRDA:44,1023,0,0
BRDA:58,2467,1,0
BRDA:59,1183,0,0
BRDA:59,1183,1,0
BRDA:59,1299,0,0
BRDA:59,1299,1,0
BRDA:59,1822,0,0
BRDA:59,1822,1,0
BRDA:59,2232,0,0
BRDA:59,2232,1,0
BRDA:58,2467,0,0
BRDA:44,1023,1,0
BRDA:108,2585,0,0
BRDA:123,3146,1,0
BRDA:124,2725,0,0
BRDA:124,2725,1,0
BRDA:124,2831,0,0
BRDA:124,2831,1,0
BRDA:130,2887,0,0
BRDA:130,2887,1,0
BRDA:134,2935,0,0
BRDA:134,2935,1,0
BRDA:141,3012,0,0
BRDA:141,3012,1,0
BRDA:141,3070,0,0
BRDA:141,3070,1,0
BRDA:141,3096,0,0
BRDA:141,3096,1,0
BRDA:123,3146,0,0
BRDA:108,2585,1,0
BRDA:154,3652,0,0
BRDA:154,3652,1,0
LF:33
LH:0
BRF:38
BRH:0
FNF:4
FNH:0
end_of_record
SF:C:\Users\Viktor\Desktop\diplomna\Managing-agriculture\ManagingAgriculture\Views\Boss\ManageStaff.cshtml
FN:2,System.Void AspNetCoreGeneratedDocument.Views_Boss_ManageStaff/<ExecuteAsync>d__24::MoveNext()
FNDA:0,System.Void AspNetCoreGeneratedDocument.Views_Boss_ManageStaff/<ExecuteAsync>d__24::MoveNext()
DA:3,0
DA:74,0
DA:75,0
DA:83,0
DA:84,0
DA:85,0
DA:123,0
DA:124,0
DA:126,0
DA:127,0
DA:128,0
DA:131,0
DA:137,0
DA:160,0
DA:161,0
DA:174,0
DA:175,0
DA:176,0
DA:178,0
BRDA:3,486,0,0
BRDA:3,486,1,0
BRDA:3,1000,0,0
BRDA:3,1000,1,0
BRDA:3,1596,0,0
BRDA:3,1596,1,0
BRDA:74,5646,1,0
BRDA:85,2199,0,0
BRDA:85,2199,1,0
BRDA:85,2333,0,0
BRDA:85,2333,1,0
BRDA:85,2991,0,0
BRDA:85,2991,1,0
BRDA:85,3610,0,0
BRDA:85,3610,1,0
BRDA:123,4721,0,0
BRDA:123,4721,1,0
BRDA:127,5035,0,0
BRDA:127,5035,1,0
BRDA:74,5646,0,0
BRDA:160,5709,1,0
BRDA:160,5709,0,0
BRDA:160,5770,1,0
BRDA:160,5770,0,0
BRDA:160,6722,1,0
BRDA:161,6517,0,0
BRDA:161,6517,1,0
BRDA:160,6722,0,0
BRDA:175,6769,1,0
BRDA:175,6769,0,0
BRDA:175,6830,1,0
BRDA:175,6830,0,0
BRDA:175,6929,0,0
BRDA:175,6929,1,0
BRDA:178,7401,0,0
BRDA:178,7401,1,0
LF:19
LH:0
BRF:36
BRH:0
FNF:1
FNH:0
end_of_record
SF:C:\Users\Viktor\Desktop\diplomna\Managing-agriculture\ManagingAgriculture\Views\Dashboard\Index.cshtml
FN:281,System.Decimal AspNetCoreGeneratedDocument.Views_Dashboard_Index/<>c::<ExecuteAsync>b__22_10(ManagingAgriculture.Models.HarvestRecord)
FNDA:0,System.Decimal AspNetCoreGeneratedDocument.Views_Dashboard_Index/<>c::<ExecuteAsync>b__22_10(ManagingAgriculture.Models.HarvestRecord)
DA:282,0
FN:3,System.Void AspNetCoreGeneratedDocument.Views_Dashboard_Index/<ExecuteAsync>d__22::MoveNext()
FNDA:0,System.Void AspNetCoreGeneratedDocument.Views_Dashboard_Index/<ExecuteAsync>d__22::MoveNext()
DA:4,0
DA:11,0
DA:12,0
DA:14,0
DA:15,0
DA:17,0
DA:20,0
DA:26,0
DA:27,0
DA:29,0
DA:30,0
DA:31,0
DA:33,0
DA:34,0
DA:35,0
DA:37,0
DA:38,0
DA:39,0
DA:41,0
DA:42,0
DA:43,0
DA:45,0
DA:50,0
DA:51,0
DA:56,0
DA:57,0
DA:74,0
DA:77,0
DA:214,0
DA:215,0
DA:216,0
DA:217,0
DA:233,0
DA:234,0
DA:236,0
DA:238,0
DA:250,0
DA:251,0
DA:265,0
DA:266,0
DA:277,0
DA:288,0
DA:290,0
DA:295,0
BRDA:11,266,1,0
BRDA:11,266,0,0
BRDA:11,352,0,0
BRDA:11,362,1,0
BRDA:11,362,0,0
BRDA:11,440,1,0
BRDA:11,440,0,0
BRDA:11,518,1,0
BRDA:11,518,0,0
BRDA:11,352,1,0
BRDA:11,626,0,0
BRDA:14,654,1,0
BRDA:14,654,0,0
BRDA:14,722,1,0
BRDA:14,722,0,0
BRDA:14,800,1,0
BRDA:14,800,0,0
BRDA:14,895,0,0
BRDA:15,961,1,0
BRDA:15,961,0,0
BRDA:15,1113,1,0
BRDA:15,1113,0,0
BRDA:14,895,1,0
BRDA:17,1315,1,0
BRDA:17,1315,0,0
BRDA:17,1383,1,0
BRDA:17,1383,0,0
BRDA:17,1461,1,0
BRDA:17,1461,0,0
BRDA:17,1554,0,0
BRDA:17,1554,1,0
BRDA:17,1616,1,0
BRDA:17,1616,0,0
BRDA:17,1708,1,0
BRDA:17,1708,0,0
BRDA:11,626,1,0
BRDA:26,1856,0,0
BRDA:26,1856,1,0
BRDA:30,2028,0,0
BRDA:30,2028,1,0
BRDA:34,2200,0,0
BRDA:34,2200,1,0
BRDA:38,2372,0,0
BRDA:38,2372,1,0
BRDA:42,2544,0,0
BRDA:42,2544,1,0
BRDA:50,2713,1,0
BRDA:50,2713,0,0
BRDA:50,2781,1,0
BRDA:50,2781,0,0
BRDA:50,2859,1,0
BRDA:50,2859,0,0
BRDA:50,2954,1,0
BRDA:50,2954,0,0
BRDA:50,3024,0,0
BRDA:50,3034,1,0
BRDA:50,3034,0,0
BRDA:50,3113,1,0
BRDA:50,3113,0,0
BRDA:50,3174,1,0
BRDA:50,3174,0,0
BRDA:50,3024,1,0
BRDA:50,3287,0,0
BRDA:56,3317,1,0
BRDA:56,3317,0,0
BRDA:56,3378,1,0
BRDA:56,3378,0,0
BRDA:56,4928,1,0
BRDA:57,3615,0,0
BRDA:57,3615,1,0
BRDA:57,4125,0,0
BRDA:57,4125,1,0
BRDA:57,4723,0,0
BRDA:57,4723,1,0
BRDA:56,4928,0,0
BRDA:50,3287,1,0
BRDA:77,5313,0,0
BRDA:77,5313,1,0
BRDA:77,5807,0,0
BRDA:77,5807,1,0
BRDA:77,6301,0,0
BRDA:77,6301,1,0
BRDA:77,6797,0,0
BRDA:77,6797,1,0
BRDA:77,7293,0,0
BRDA:77,7293,1,0
BRDA:77,7789,0,0
BRDA:77,7789,1,0
BRDA:77,8285,0,0
BRDA:77,8285,1,0
BRDA:77,8781,0,0
BRDA:77,8781,1,0
BRDA:77,9277,0,0
BRDA:77,9277,1,0
BRDA:77,9773,0,0
BRDA:77,9773,1,0
BRDA:77,10267,0,0
BRDA:77,10267,1,0
BRDA:214,10390,0,0
BRDA:214,10390,1,0
BRDA:214,10420,0,0
BRDA:216,10884,1,0
BRDA:217,10777,0,0
BRDA:217,10777,1,0
BRDA:216,10884,0,0
BRDA:214,10420,1,0
BRDA:250,11162,0,0
BRDA:250,11162,1,0
BRDA:250,11192,0,0
BRDA:265,11650,1,0
BRDA:266,11381,0,0
BRDA:266,11381,1,0
BRDA:266,11438,0,0
BRDA:266,11438,1,0
BRDA:265,11650,0,0
BRDA:250,11192,1,0
LF:45
LH:0
BRF:116
BRH:0
FNF:2
FNH:0
end_of_record
SF:C:\Users\Viktor\Desktop\diplomna\Managing-agriculture\ManagingAgriculture\Views\Employee\Index.cshtml
FN:205,System.DateTime AspNetCoreGeneratedDocument.Views_Employee_Index/<>c::<ExecuteAsync>b__16_4(ManagingAgriculture.Models.LeaveRequest)
FNDA:0,System.DateTime AspNetCoreGeneratedDocument.Views_Employee_Index/<>c::<ExecuteAsync>b__16_4(ManagingAgriculture.Models.LeaveRequest)
DA:206,0
FN:281,<>f__AnonymousType37`2<System.String,System.String> AspNetCoreGeneratedDocument.Views_Employee_Index/<>c::<ExecuteAsync>b__16_2(ManagingAgriculture.Models.LeaveRequest)
FNDA:0,<>f__AnonymousType37`2<System.String,System.String> AspNetCoreGeneratedDocument.Views_Employee_Index/<>c::<ExecuteAsync>b__16_2(ManagingAgriculture.Models.LeaveRequest)
DA:282,0
DA:283,0
DA:284,0
DA:285,0
FN:3,System.Void AspNetCoreGeneratedDocument.Views_Employee_Index/<ExecuteAsync>d__16::MoveNext()
FNDA:0,System.Void AspNetCoreGeneratedDocument.Views_Employee_Index/<ExecuteAsync>d__16::MoveNext()
DA:4,0
DA:5,0
DA:6,0
DA:7,0
DA:8,0
DA:9,0
DA:10,0
DA:27,0
DA:28,0
DA:33,0
DA:34,0
DA:35,0
DA:40,0
DA:52,0
DA:53,0
DA:66,0
DA:67,0
DA:71,0
DA:72,0
DA:76,0
DA:78,0
DA:80,0
DA:84,0
DA:85,0
DA:87,0
DA:88,0
DA:89,0
DA:91,0
DA:93,0
DA:95,0
DA:98,0
DA:99,0
DA:107,0
DA:108,0
DA:109,0
DA:111,0
DA:113,0
DA:115,0
DA:118,0
DA:122,0
DA:124,0
DA:129,0
DA:145,0
DA:146,0
DA:148,0
DA:150,0
DA:152,0
DA:194,0
DA:195,0
DA:207,0
DA:212,0
DA:213,0
DA:215,0
DA:216,0
DA:217,0
DA:219,0
DA:221,0
DA:223,0
DA:226,0
DA:230,0
DA:232,0
DA:234,0
BRDA:5,126,1,0
BRDA:5,126,0,0
BRDA:5,214,0,0
BRDA:5,214,1,0
BRDA:6,238,1,0
BRDA:6,238,0,0
BRDA:6,298,1,0
BRDA:6,298,0,0
BRDA:6,381,0,0
BRDA:6,381,1,0
BRDA:7,406,1,0
BRDA:7,406,0,0
BRDA:7,466,1,0
BRDA:7,466,0,0
BRDA:7,549,0,0
BRDA:7,549,1,0
BRDA:8,575,1,0
BRDA:8,575,0,0
BRDA:8,635,1,0
BRDA:8,635,0,0
BRDA:8,718,0,0
BRDA:8,718,1,0
BRDA:9,743,1,0
BRDA:9,743,0,0
BRDA:9,803,1,0
BRDA:9,803,0,0
BRDA:9,886,0,0
BRDA:9,886,1,0
BRDA:10,915,1,0
BRDA:10,915,0,0
BRDA:10,975,1,0
BRDA:10,975,0,0
BRDA:10,1058,0,0
BRDA:10,1058,1,0
BRDA:10,1472,0,0
BRDA:10,1472,1,0
BRDA:27,1685,0,0
BRDA:27,1685,1,0
BRDA:34,1784,0,0
BRDA:34,1784,1,0
BRDA:52,1942,0,0
BRDA:66,3252,1,0
BRDA:71,2152,0,0
BRDA:71,2152,1,0
BRDA:84,2340,0,0
BRDA:84,2340,1,0
BRDA:88,2383,0,0
BRDA:88,2383,1,0
BRDA:98,2458,0,0
BRDA:98,2458,1,0
BRDA:98,2486,0,0
BRDA:99,2942,0,0
BRDA:99,2942,1,0
BRDA:98,2486,1,0
BRDA:108,3146,0,0
BRDA:108,3146,1,0
BRDA:108,3174,0,0
BRDA:108,3174,1,0
BRDA:66,3252,0,0
BRDA:52,1942,1,0
BRDA:145,3402,0,0
BRDA:145,3402,1,0
BRDA:152,3681,0,0
BRDA:152,3681,1,0
BRDA:194,3816,0,0
BRDA:206,4187,1,0
BRDA:207,4005,0,0
BRDA:207,4005,1,0
BRDA:212,4061,0,0
BRDA:212,4061,1,0
BRDA:216,4109,0,0
BRDA:216,4109,1,0
BRDA:206,4187,0,0
BRDA:194,3816,1,0
BRDA:234,4693,0,0
BRDA:234,4693,1,0
LF:67
LH:0
BRF:76
BRH:0
FNF:3
FNH:0
end_of_record
SF:C:\Users\Viktor\Desktop\diplomna\Managing-agriculture\ManagingAgriculture\Views\Error\Error.cshtml
FN:1,System.Void AspNetCoreGeneratedDocument.Views_Error_Error/<ExecuteAsync>d__0::MoveNext()
FNDA:0,System.Void AspNetCoreGeneratedDocument.Views_Error_Error/<ExecuteAsync>d__0::MoveNext()
DA:2,0
DA:3,0
DA:16,0
DA:17,0
DA:21,0
BRDA:16,74,1,0
BRDA:16,74,0,0
BRDA:16,142,1,0
BRDA:16,142,0,0
BRDA:16,220,1,0
BRDA:16,220,0,0
BRDA:16,315,0,0
BRDA:17,343,1,0
BRDA:17,343,0,0
BRDA:17,435,1,0
BRDA:17,435,0,0
BRDA:16,315,1,0
LF:5
LH:0
BRF:12
BRH:0
FNF:1
FNH:0
end_of_record
SF:C:\Users\Viktor\Desktop\diplomna\Managing-agriculture\ManagingAgriculture\Views\Error\Forbidden.cshtml
FN:1,System.Void AspNetCoreGeneratedDocument.Views_Error_Forbidden/<ExecuteAsync>d__0::MoveNext()
FNDA:0,System.Void AspNetCoreGeneratedDocument.Views_Error_Forbidden/<ExecuteAsync>d__0::MoveNext()
DA:2,0
DA:3,0
LF:2
LH:0
BRF:0
BRH:0
FNF:1
FNH:0
end_of_record
SF:C:\Users\Viktor\Desktop\diplomna\Managing-agriculture\ManagingAgriculture\Views\Error\NotFound.cshtml
FN:1,System.Void AspNetCoreGeneratedDocument.Views_Error_NotFound/<ExecuteAsync>d__0::MoveNext()
FNDA:0,System.Void AspNetCoreGeneratedDocument.Views_Error_NotFound/<ExecuteAsync>d__0::MoveNext()
DA:2,0
DA:3,0
LF:2
LH:0
BRF:0
BRH:0
FNF:1
FNH:0
end_of_record
SF:C:\Users\Viktor\Desktop\diplomna\Managing-agriculture\ManagingAgriculture\Views\Fields\Create.cshtml
FN:2,System.Void AspNetCoreGeneratedDocument.Views_Fields_Create/<ExecuteAsync>d__46::MoveNext()
FNDA:0,System.Void AspNetCoreGeneratedDocument.Views_Fields_Create/<ExecuteAsync>d__46::MoveNext()
DA:3,0
BRDA:3,479,0,0
BRDA:3,479,1,0
LF:1
LH:0
BRF:2
BRH:0
FNF:1
FNH:0
end_of_record
SF:C:\Users\Viktor\Desktop\diplomna\Managing-agriculture\ManagingAgriculture\Views\Fields\Edit.cshtml
FN:70,System.Void AspNetCoreGeneratedDocument.Views_Fields_Edit/<<ExecuteAsync>b__42_0>d::MoveNext()
FNDA:0,System.Void AspNetCoreGeneratedDocument.Views_Fields_Edit/<<ExecuteAsync>b__42_0>d::MoveNext()
DA:71,0
DA:72,0
DA:76,0
BRDA:71,809,0,0
BRDA:71,809,1,0
BRDA:71,1412,0,0
BRDA:71,1412,1,0
BRDA:71,2113,0,0
BRDA:71,2113,1,0
BRDA:71,2730,0,0
BRDA:71,2730,1,0
BRDA:71,3333,0,0
BRDA:71,3333,1,0
BRDA:71,4134,0,0
BRDA:71,4134,1,0
BRDA:71,4753,0,0
BRDA:71,4753,1,0
BRDA:71,5358,0,0
BRDA:71,5358,1,0
BRDA:71,6061,0,0
BRDA:71,6061,1,0
BRDA:71,6680,0,0
BRDA:71,6680,1,0
BRDA:71,7285,0,0
BRDA:71,7285,1,0
BRDA:71,7974,0,0
BRDA:71,7974,1,0
BRDA:71,8593,0,0
BRDA:71,8593,1,0
BRDA:71,9198,0,0
BRDA:71,9198,1,0
BRDA:71,9887,0,0
BRDA:71,9887,1,0
BRDA:71,10506,0,0
BRDA:71,10506,1,0
BRDA:71,11111,0,0
BRDA:71,11111,1,0
BRDA:71,11890,0,0
BRDA:71,11890,1,0
BRDA:71,12509,0,0
BRDA:71,12509,1,0
BRDA:71,12715,0,0
BRDA:71,12715,1,0
BRDA:76,13083,0,0
BRDA:76,13083,1,0
FN:2,System.Void AspNetCoreGeneratedDocument.Views_Fields_Edit/<ExecuteAsync>d__42::MoveNext()
FNDA:0,System.Void AspNetCoreGeneratedDocument.Views_Fields_Edit/<ExecuteAsync>d__42::MoveNext()
DA:3,0
DA:12,0
DA:13,0
DA:15,0
BRDA:12,99,0,0
BRDA:12,99,1,0
BRDA:15,417,0,0
BRDA:15,417,1,0
BRDA:15,806,0,0
BRDA:15,806,1,0
LF:7
LH:0
BRF:48
BRH:0
FNF:2
FNH:0
end_of_record
SF:C:\Users\Viktor\Desktop\diplomna\Managing-agriculture\ManagingAgriculture\Views\Fields\Index.cshtml
FN:2,System.Void AspNetCoreGeneratedDocument.Views_Fields_Index/<ExecuteAsync>d__17::MoveNext()
FNDA:0,System.Void AspNetCoreGeneratedDocument.Views_Fields_Index/<ExecuteAsync>d__17::MoveNext()
DA:3,0
DA:4,0
DA:9,0
DA:10,0
DA:15,0
DA:16,0
DA:17,0
DA:22,0
DA:33,0
DA:34,0
DA:40,0
DA:45,0
DA:46,0
DA:48,0
DA:49,0
DA:57,0
DA:58,0
DA:60,0
DA:62,0
DA:64,0
DA:90,0
DA:91,0
DA:96,0
DA:97,0
DA:105,0
DA:107,0
DA:111,0
DA:113,0
DA:116,0
DA:118,0
DA:120,0
DA:124,0
DA:125,0
DA:130,0
DA:132,0
DA:134,0
DA:136,0
BRDA:4,106,1,0
BRDA:4,106,0,0
BRDA:4,166,1,0
BRDA:4,166,0,0
BRDA:4,244,1,0
BRDA:4,244,0,0
BRDA:9,385,0,0
BRDA:9,385,1,0
BRDA:16,482,0,0
BRDA:16,482,1,0
BRDA:33,578,0,0
BRDA:34,931,0,0
BRDA:34,931,1,0
BRDA:33,578,1,0
BRDA:45,1146,0,0
BRDA:45,1146,1,0
BRDA:45,1174,0,0
BRDA:48,3331,1,0
BRDA:57,1362,0,0
BRDA:57,1362,1,0
BRDA:90,1641,0,0
BRDA:91,1846,0,0
BRDA:91,1846,1,0
BRDA:91,2201,0,0
BRDA:91,2201,1,0
BRDA:96,2405,0,0
BRDA:97,2660,0,0
BRDA:97,2660,1,0
BRDA:97,3069,0,0
BRDA:97,3069,1,0
BRDA:96,2405,1,0
BRDA:90,1641,1,0
BRDA:48,3331,0,0
BRDA:45,1174,1,0
BRDA:124,3424,0,0
BRDA:125,3777,0,0
BRDA:125,3777,1,0
BRDA:124,3424,1,0
LF:37
LH:0
BRF:38
BRH:0
FNF:1
FNH:0
end_of_record
SF:C:\Users\Viktor\Desktop\diplomna\Managing-agriculture\ManagingAgriculture\Views\Home\Contact.cshtml
FN:3,System.Void AspNetCoreGeneratedDocument.Views_Home_Contact/<ExecuteAsync>d__23::MoveNext()
FNDA:0,System.Void AspNetCoreGeneratedDocument.Views_Home_Contact/<ExecuteAsync>d__23::MoveNext()
DA:4,0
DA:19,0
DA:20,0
DA:21,0
DA:22,0
DA:23,0
DA:24,0
DA:25,0
DA:26,0
DA:27,0
DA:28,0
DA:29,0
DA:30,0
DA:33,0
DA:34,0
DA:48,0
DA:79,0
DA:81,0
DA:82,0
DA:84,0
BRDA:33,1128,1,0
BRDA:33,1128,0,0
BRDA:79,1193,0,0
BRDA:79,1193,1,0
BRDA:82,1292,0,0
BRDA:82,1292,1,0
BRDA:84,1792,0,0
BRDA:84,1792,1,0
LF:20
LH:0
BRF:8
BRH:0
FNF:1
FNH:0
end_of_record
SF:C:\Users\Viktor\Desktop\diplomna\Managing-agriculture\ManagingAgriculture\Views\Home\Index.cshtml
FN:180,System.Void AspNetCoreGeneratedDocument.Views_Home_Index/<<ExecuteAsync>b__14_1>d::MoveNext()
FNDA:0,System.Void AspNetCoreGeneratedDocument.Views_Home_Index/<<ExecuteAsync>b__14_1>d::MoveNext()
DA:181,0
DA:182,0
DA:183,0
DA:184,0
DA:185,0
DA:186,0
DA:187,0
DA:188,0
DA:189,0
DA:191,0
DA:192,0
DA:193,0
DA:194,0
DA:195,0
DA:196,0
DA:197,0
DA:198,0
DA:206,0
DA:208,0
DA:211,0
DA:236,0
DA:237,0
DA:239,0
DA:241,0
DA:243,0
DA:291,0
DA:292,0
DA:294,0
DA:296,0
DA:298,0
BRDA:181,58,0,0
BRDA:181,58,1,0
BRDA:181,70,0,0
BRDA:181,70,1,0
BRDA:181,104,0,0
BRDA:183,128,0,0
BRDA:183,128,1,0
BRDA:183,140,0,0
BRDA:183,165,0,0
BRDA:183,165,1,0
BRDA:183,177,0,0
BRDA:183,140,1,0
BRDA:183,177,1,0
BRDA:185,212,0,0
BRDA:185,212,1,0
BRDA:185,235,0,0
BRDA:188,273,0,0
BRDA:188,273,1,0
BRDA:185,235,1,0
BRDA:191,365,0,0
BRDA:191,365,1,0
BRDA:191,391,0,0
BRDA:191,391,1,0
BRDA:193,431,0,0
BRDA:193,431,1,0
BRDA:195,471,0,0
BRDA:195,471,1,0
BRDA:197,511,0,0
BRDA:197,511,1,0
BRDA:198,1204,0,0
BRDA:198,1204,1,0
BRDA:181,104,1,0
BRDA:236,1704,0,0
BRDA:236,1704,1,0
BRDA:236,1716,0,0
BRDA:236,1716,1,0
BRDA:236,1752,0,0
BRDA:236,1752,1,0
BRDA:291,2109,0,0
BRDA:291,2109,1,0
BRDA:291,2121,0,0
BRDA:291,2121,1,0
BRDA:291,2157,0,0
BRDA:291,2157,1,0
FN:1,System.Void AspNetCoreGeneratedDocument.Views_Home_Index/<ExecuteAsync>d__14::MoveNext()
FNDA:0,System.Void AspNetCoreGeneratedDocument.Views_Home_Index/<ExecuteAsync>d__14::MoveNext()
DA:2,0
DA:3,0
BRDA:3,357,0,0
BRDA:3,357,1,0
BRDA:3,795,0,0
BRDA:3,795,1,0
LF:32
LH:0
BRF:48
BRH:0
FNF:2
FNH:0
end_of_record
SF:C:\Users\Viktor\Desktop\diplomna\Managing-agriculture\ManagingAgriculture\Views\Inbox\AdminInbox.cshtml
FN:13,System.Boolean AspNetCoreGeneratedDocument.Views_Inbox_AdminInbox/<>c::<ExecuteAsync>b__11_0(ManagingAgriculture.Models.ContactForm)
FNDA:0,System.Boolean AspNetCoreGeneratedDocument.Views_Inbox_AdminInbox/<>c::<ExecuteAsync>b__11_0(ManagingAgriculture.Models.ContactForm)
DA:14,0
FN:16,System.Boolean AspNetCoreGeneratedDocument.Views_Inbox_AdminInbox/<>c::<ExecuteAsync>b__11_1(ManagingAgriculture.Models.ContactForm)
FNDA:0,System.Boolean AspNetCoreGeneratedDocument.Views_Inbox_AdminInbox/<>c::<ExecuteAsync>b__11_1(ManagingAgriculture.Models.ContactForm)
DA:17,0
FN:2,System.Void AspNetCoreGeneratedDocument.Views_Inbox_AdminInbox/<ExecuteAsync>d__11::MoveNext()
FNDA:0,System.Void AspNetCoreGeneratedDocument.Views_Inbox_AdminInbox/<ExecuteAsync>d__11::MoveNext()
DA:3,0
DA:22,0
DA:23,0
DA:28,0
DA:32,0
DA:33,0
DA:47,0
DA:48,0
DA:57,0
DA:58,0
DA:64,0
DA:66,0
DA:78,0
DA:81,0
DA:82,0
DA:84,0
DA:86,0
DA:88,0
DA:91,0
DA:95,0
DA:97,0
DA:102,0
BRDA:22,251,0,0
BRDA:22,251,1,0
BRDA:32,350,0,0
BRDA:32,350,1,0
BRDA:32,373,0,0
BRDA:47,1838,1,0
BRDA:48,584,0,0
BRDA:48,584,1,0
BRDA:57,854,0,0
BRDA:58,999,0,0
BRDA:58,999,1,0
BRDA:57,854,1,0
BRDA:66,1536,0,0
BRDA:66,1536,1,0
BRDA:81,1760,0,0
BRDA:81,1760,1,0
BRDA:47,1838,0,0
BRDA:32,373,1,0
LF:24
LH:0
BRF:18
BRH:0
FNF:3
FNH:0
end_of_record
SF:C:\Users\Viktor\Desktop\diplomna\Managing-agriculture\ManagingAgriculture\Views\Inbox\Index.cshtml
FN:2,System.Void AspNetCoreGeneratedDocument.Views_Inbox_Index/<ExecuteAsync>d__10::MoveNext()
FNDA:0,System.Void AspNetCoreGeneratedDocument.Views_Inbox_Index/<ExecuteAsync>d__10::MoveNext()
DA:3,0
DA:28,0
DA:29,0
DA:30,0
DA:31,0
DA:36,0
DA:37,0
DA:44,0
DA:46,0
DA:48,0
DA:51,0
DA:52,0
DA:54,0
DA:57,0
DA:58,0
DA:60,0
DA:62,0
BRDA:3,451,0,0
BRDA:3,451,1,0
BRDA:28,647,0,0
BRDA:28,647,1,0
BRDA:28,672,0,0
BRDA:30,1134,1,0
BRDA:36,845,0,0
BRDA:37,935,0,0
BRDA:37,935,1,0
BRDA:36,845,1,0
BRDA:51,1037,0,0
BRDA:51,1037,1,0
BRDA:30,1134,0,0
BRDA:28,672,1,0
LF:17
LH:0
BRF:14
BRH:0
FNF:1
FNH:0
end_of_record
SF:C:\Users\Viktor\Desktop\diplomna\Managing-agriculture\ManagingAgriculture\Views\ITSupport\Index.cshtml
FN:2,System.Void AspNetCoreGeneratedDocument.Views_ITSupport_Index/<ExecuteAsync>d__0::MoveNext()
FNDA:0,System.Void AspNetCoreGeneratedDocument.Views_ITSupport_Index/<ExecuteAsync>d__0::MoveNext()
DA:3,0
LF:1
LH:0
BRF:0
BRH:0
FNF:1
FNH:0
end_of_record
SF:C:\Users\Viktor\Desktop\diplomna\Managing-agriculture\ManagingAgriculture\Views\Machinery\Add.cshtml
FN:2,System.Void AspNetCoreGeneratedDocument.Views_Machinery_Add/<ExecuteAsync>d__42::MoveNext()
FNDA:0,System.Void AspNetCoreGeneratedDocument.Views_Machinery_Add/<ExecuteAsync>d__42::MoveNext()
DA:3,0
DA:4,0
BRDA:4,496,0,0
BRDA:4,496,1,0
LF:2
LH:0
BRF:2
BRH:0
FNF:1
FNH:0
end_of_record
SF:C:\Users\Viktor\Desktop\diplomna\Managing-agriculture\ManagingAgriculture\Views\Machinery\Edit.cshtml
FN:2,System.Void AspNetCoreGeneratedDocument.Views_Machinery_Edit/<ExecuteAsync>d__41::MoveNext()
FNDA:0,System.Void AspNetCoreGeneratedDocument.Views_Machinery_Edit/<ExecuteAsync>d__41::MoveNext()
DA:3,0
DA:4,0
BRDA:4,496,0,0
BRDA:4,496,1,0
LF:2
LH:0
BRF:2
BRH:0
FNF:1
FNH:0
end_of_record
SF:C:\Users\Viktor\Desktop\diplomna\Managing-agriculture\ManagingAgriculture\Views\Machinery\Index.cshtml
FN:2,System.Void AspNetCoreGeneratedDocument.Views_Machinery_Index/<ExecuteAsync>d__10::MoveNext()
FNDA:0,System.Void AspNetCoreGeneratedDocument.Views_Machinery_Index/<ExecuteAsync>d__10::MoveNext()
DA:3,0
DA:4,0
DA:5,0
DA:6,0
DA:7,0
DA:8,0
DA:9,0
DA:11,0
DA:12,0
DA:22,0
DA:23,0
DA:25,0
DA:26,0
DA:27,0
DA:28,0
DA:29,0
DA:30,0
DA:31,0
DA:32,0
DA:35,0
DA:36,0
DA:37,0
DA:74,0
DA:75,0
DA:77,0
DA:78,0
DA:91,0
DA:93,0
BRDA:22,2571,1,0
BRDA:25,413,0,0
BRDA:25,426,0,0
BRDA:25,439,0,0
BRDA:25,413,1,0
BRDA:25,426,1,0
BRDA:25,439,1,0
BRDA:25,452,1,0
BRDA:25,452,0,0
BRDA:35,556,0,0
BRDA:35,556,1,0
BRDA:36,618,0,0
BRDA:36,626,0,0
BRDA:36,626,1,0
BRDA:36,618,1,0
BRDA:37,711,0,0
BRDA:37,720,0,0
BRDA:37,720,1,0
BRDA:37,711,1,0
BRDA:37,1067,0,0
BRDA:37,1067,1,0
BRDA:37,1088,0,0
BRDA:37,1088,1,0
BRDA:37,1150,0,0
BRDA:37,1150,1,0
BRDA:37,1171,0,0
BRDA:37,1171,1,0
BRDA:37,1233,0,0
BRDA:37,1233,1,0
BRDA:37,1473,0,0
BRDA:37,1473,1,0
BRDA:37,1494,0,0
BRDA:37,1494,1,0
BRDA:74,1583,0,0
BRDA:74,1583,1,0
BRDA:75,1606,0,0
BRDA:75,1614,0,0
BRDA:75,1614,1,0
BRDA:75,1606,1,0
BRDA:77,1664,0,0
BRDA:78,2320,0,0
BRDA:78,2320,1,0
BRDA:77,1664,1,0
BRDA:22,2571,0,0
LF:28
LH:0
BRF:44
BRH:0
FNF:1
FNH:0
end_of_record
SF:C:\Users\Viktor\Desktop\diplomna\Managing-agriculture\ManagingAgriculture\Views\Manager\Index.cshtml
FN:216,System.DateTime AspNetCoreGeneratedDocument.Views_Manager_Index/<>c::<ExecuteAsync>b__22_7(ManagingAgriculture.Models.LeaveRequest)
FNDA:0,System.DateTime AspNetCoreGeneratedDocument.Views_Manager_Index/<>c::<ExecuteAsync>b__22_7(ManagingAgriculture.Models.LeaveRequest)
DA:217,0
FN:324,<>f__AnonymousType37`2<System.String,System.String> AspNetCoreGeneratedDocument.Views_Manager_Index/<>c::<ExecuteAsync>b__22_3(ManagingAgriculture.Models.LeaveRequest)
FNDA:0,<>f__AnonymousType37`2<System.String,System.String> AspNetCoreGeneratedDocument.Views_Manager_Index/<>c::<ExecuteAsync>b__22_3(ManagingAgriculture.Models.LeaveRequest)
DA:325,0
DA:326,0
DA:327,0
DA:328,0
FN:256,System.Void AspNetCoreGeneratedDocument.Views_Manager_Index/<>c__DisplayClass22_0/<<ExecuteAsync>b__1>d::MoveNext()
FNDA:0,System.Void AspNetCoreGeneratedDocument.Views_Manager_Index/<>c__DisplayClass22_0/<<ExecuteAsync>b__1>d::MoveNext()
DA:257,0
DA:258,0
DA:260,0
DA:271,0
DA:272,0
DA:274,0
BRDA:257,210,0,0
BRDA:257,210,1,0
BRDA:257,548,0,0
BRDA:257,548,1,0
BRDA:257,1588,1,0
BRDA:258,1354,0,0
BRDA:258,1354,1,0
BRDA:257,1588,0,0
BRDA:257,1699,0,0
BRDA:257,1699,1,0
BRDA:257,2040,0,0
BRDA:257,2040,1,0
BRDA:271,3085,1,0
BRDA:272,2851,0,0
BRDA:272,2851,1,0
BRDA:271,3085,0,0
FN:3,System.Void AspNetCoreGeneratedDocument.Views_Manager_Index/<ExecuteAsync>d__22::MoveNext()
FNDA:0,System.Void AspNetCoreGeneratedDocument.Views_Manager_Index/<ExecuteAsync>d__22::MoveNext()
DA:4,0
DA:5,0
DA:6,0
DA:7,0
DA:8,0
DA:9,0
DA:10,0
DA:11,0
DA:12,0
DA:28,0
DA:29,0
DA:34,0
DA:35,0
DA:36,0
DA:41,0
DA:53,0
DA:54,0
DA:68,0
DA:69,0
DA:73,0
DA:74,0
DA:76,0
DA:79,0
DA:80,0
DA:84,0
DA:85,0
DA:89,0
DA:90,0
DA:92,0
DA:93,0
DA:94,0
DA:96,0
DA:98,0
DA:100,0
DA:103,0
DA:104,0
DA:110,0
DA:111,0
DA:112,0
DA:118,0
DA:119,0
DA:120,0
DA:126,0
DA:129,0
DA:133,0
DA:135,0
DA:140,0
DA:156,0
DA:157,0
DA:159,0
DA:161,0
DA:163,0
DA:206,0
DA:207,0
DA:218,0
DA:223,0
DA:224,0
DA:225,0
DA:228,0
DA:231,0
DA:233,0
DA:235,0
BRDA:5,160,1,0
BRDA:5,160,0,0
BRDA:5,248,0,0
BRDA:5,248,1,0
BRDA:6,272,1,0
BRDA:6,272,0,0
BRDA:6,332,1,0
BRDA:6,332,0,0
BRDA:6,415,0,0
BRDA:6,415,1,0
BRDA:7,440,1,0
BRDA:7,440,0,0
BRDA:7,500,1,0
BRDA:7,500,0,0
BRDA:7,583,0,0
BRDA:7,583,1,0
BRDA:8,609,1,0
BRDA:8,609,0,0
BRDA:8,669,1,0
BRDA:8,669,0,0
BRDA:8,752,0,0
BRDA:8,752,1,0
BRDA:9,777,1,0
BRDA:9,777,0,0
BRDA:9,837,1,0
BRDA:9,837,0,0
BRDA:9,920,0,0
BRDA:9,920,1,0
BRDA:10,949,1,0
BRDA:10,949,0,0
BRDA:10,1009,1,0
BRDA:10,1009,0,0
BRDA:10,1092,0,0
BRDA:10,1092,1,0
BRDA:11,1122,1,0
BRDA:11,1122,0,0
BRDA:11,1210,0,0
BRDA:11,1210,1,0
BRDA:12,1234,1,0
BRDA:12,1234,0,0
BRDA:12,1322,0,0
BRDA:12,1322,1,0
BRDA:12,1730,0,0
BRDA:12,1730,1,0
BRDA:28,1943,0,0
BRDA:28,1943,1,0
BRDA:35,2042,0,0
BRDA:35,2042,1,0
BRDA:53,2150,0,0
BRDA:68,5062,1,0
BRDA:73,2402,0,0
BRDA:74,2450,0,0
BRDA:74,2450,1,0
BRDA:73,2402,1,0
BRDA:79,2530,0,0
BRDA:79,2530,1,0
BRDA:89,2718,0,0
BRDA:89,2718,1,0
BRDA:93,2761,0,0
BRDA:93,2761,1,0
BRDA:103,2858,0,0
BRDA:103,2858,1,0
BRDA:103,2874,0,0
BRDA:103,2874,1,0
BRDA:103,2902,0,0
BRDA:104,3358,0,0
BRDA:104,3358,1,0
BRDA:103,2902,1,0
BRDA:111,3560,0,0
BRDA:111,3578,0,0
BRDA:111,3618,0,0
BRDA:111,3618,1,0
BRDA:111,3560,1,0
BRDA:111,3578,1,0
BRDA:111,3641,0,0
BRDA:112,4097,0,0
BRDA:112,4097,1,0
BRDA:111,3641,1,0
BRDA:119,4299,0,0
BRDA:119,4339,0,0
BRDA:119,4339,1,0
BRDA:119,4299,1,0
BRDA:119,4362,0,0
BRDA:120,4840,0,0
BRDA:120,4840,1,0
BRDA:119,4362,1,0
BRDA:68,5062,0,0
BRDA:53,2150,1,0
BRDA:156,5212,0,0
BRDA:156,5212,1,0
BRDA:163,5491,0,0
BRDA:163,5491,1,0
BRDA:206,5626,0,0
BRDA:217,5997,1,0
BRDA:218,5815,0,0
BRDA:218,5815,1,0
BRDA:223,5871,0,0
BRDA:223,5871,1,0
BRDA:224,5919,0,0
BRDA:224,5919,1,0
BRDA:217,5997,0,0
BRDA:206,5626,1,0
BRDA:235,6503,0,0
BRDA:235,6503,1,0
BRDA:235,7101,0,0
BRDA:235,7101,1,0
LF:73
LH:0
BRF:122
BRH:0
FNF:4
FNH:0
end_of_record
SF:C:\Users\Viktor\Desktop\diplomna\Managing-agriculture\ManagingAgriculture\Views\Marketplace\Add.cshtml
FN:14,System.Void AspNetCoreGeneratedDocument.Views_Marketplace_Add/<<ExecuteAsync>b__42_0>d::MoveNext()
FNDA:0,System.Void AspNetCoreGeneratedDocument.Views_Marketplace_Add/<<ExecuteAsync>b__42_0>d::MoveNext()
DA:15,0
DA:16,0
DA:21,0
DA:22,0
DA:24,0
DA:27,0
BRDA:15,890,0,0
BRDA:15,890,1,0
BRDA:15,1080,1,0
BRDA:15,1080,0,0
BRDA:15,1148,1,0
BRDA:15,1148,0,0
BRDA:15,1226,1,0
BRDA:15,1226,0,0
BRDA:15,1321,1,0
BRDA:15,1321,0,0
BRDA:15,1391,0,0
BRDA:15,1401,1,0
BRDA:15,1401,0,0
BRDA:15,1480,1,0
BRDA:15,1480,0,0
BRDA:15,1541,1,0
BRDA:15,1541,0,0
BRDA:15,1391,1,0
BRDA:15,1651,0,0
BRDA:16,1981,0,0
BRDA:16,1981,1,0
BRDA:21,2173,1,0
BRDA:21,2173,0,0
BRDA:21,2234,1,0
BRDA:21,2234,0,0
BRDA:21,3018,1,0
BRDA:22,2814,0,0
BRDA:22,2814,1,0
BRDA:21,3018,0,0
BRDA:15,1651,1,0
BRDA:27,3513,0,0
BRDA:27,3513,1,0
BRDA:27,4152,0,0
BRDA:27,4152,1,0
BRDA:27,4771,0,0
BRDA:27,4771,1,0
BRDA:27,5376,0,0
BRDA:27,5376,1,0
BRDA:27,5981,0,0
BRDA:27,5981,1,0
BRDA:27,6600,0,0
BRDA:27,6600,1,0
BRDA:27,7205,0,0
BRDA:27,7205,1,0
BRDA:27,7868,0,0
BRDA:27,7868,1,0
BRDA:27,8487,0,0
BRDA:27,8487,1,0
BRDA:27,9092,0,0
BRDA:27,9092,1,0
BRDA:27,9915,0,0
BRDA:27,9915,1,0
BRDA:27,10534,0,0
BRDA:27,10534,1,0
BRDA:27,11239,0,0
BRDA:27,11239,1,0
BRDA:27,11844,0,0
BRDA:27,11844,1,0
BRDA:27,12583,0,0
BRDA:27,12583,1,0
BRDA:27,13202,0,0
BRDA:27,13202,1,0
BRDA:27,13927,0,0
BRDA:27,13927,1,0
BRDA:27,14532,0,0
BRDA:27,14532,1,0
BRDA:27,15227,0,0
BRDA:27,15227,1,0
BRDA:27,15846,0,0
BRDA:27,15846,1,0
BRDA:27,16451,0,0
BRDA:27,16451,1,0
BRDA:27,17146,0,0
BRDA:27,17146,1,0
BRDA:27,17765,0,0
BRDA:27,17765,1,0
FN:2,System.Void AspNetCoreGeneratedDocument.Views_Marketplace_Add/<ExecuteAsync>d__42::MoveNext()
FNDA:0,System.Void AspNetCoreGeneratedDocument.Views_Marketplace_Add/<ExecuteAsync>d__42::MoveNext()
DA:3,0
DA:4,0
BRDA:4,496,0,0
BRDA:4,496,1,0
LF:8
LH:0
BRF:78
BRH:0
FNF:2
FNH:0
end_of_record
SF:C:\Users\Viktor\Desktop\diplomna\Managing-agriculture\ManagingAgriculture\Views\Marketplace\Edit.cshtml
FN:2,System.Void AspNetCoreGeneratedDocument.Views_Marketplace_Edit/<ExecuteAsync>d__36::MoveNext()
FNDA:0,System.Void AspNetCoreGeneratedDocument.Views_Marketplace_Edit/<ExecuteAsync>d__36::MoveNext()
DA:3,0
DA:4,0
BRDA:4,496,0,0
BRDA:4,496,1,0
LF:2
LH:0
BRF:2
BRH:0
FNF:1
FNH:0
end_of_record
SF:C:\Users\Viktor\Desktop\diplomna\Managing-agriculture\ManagingAgriculture\Views\Marketplace\Index.cshtml
FN:3,System.Void AspNetCoreGeneratedDocument.Views_Marketplace_Index/<ExecuteAsync>d__9::MoveNext()
FNDA:0,System.Void AspNetCoreGeneratedDocument.Views_Marketplace_Index/<ExecuteAsync>d__9::MoveNext()
DA:4,0
DA:5,0
DA:6,0
DA:7,0
DA:8,0
DA:16,0
DA:17,0
DA:23,0
DA:32,0
DA:33,0
DA:38,0
DA:39,0
DA:40,0
DA:45,0
BRDA:5,76,1,0
BRDA:5,76,0,0
BRDA:5,164,0,0
BRDA:5,164,1,0
BRDA:6,183,1,0
BRDA:6,183,0,0
BRDA:6,271,0,0
BRDA:6,271,1,0
BRDA:7,290,1,0
BRDA:7,290,0,0
BRDA:7,378,0,0
BRDA:7,378,1,0
BRDA:8,397,1,0
BRDA:8,397,0,0
BRDA:16,527,0,0
BRDA:16,527,1,0
BRDA:23,1014,0,0
BRDA:23,1014,1,0
BRDA:32,1228,0,0
BRDA:32,1228,1,0
BRDA:39,1327,0,0
BRDA:39,1327,1,0
LF:14
LH:0
BRF:22
BRH:0
FNF:1
FNH:0
end_of_record
SF:C:\Users\Viktor\Desktop\diplomna\Managing-agriculture\ManagingAgriculture\Views\Marketplace\MyRequests.cshtml
FN:2,System.Void AspNetCoreGeneratedDocument.Views_Marketplace_MyRequests/<ExecuteAsync>d__15::MoveNext()
FNDA:0,System.Void AspNetCoreGeneratedDocument.Views_Marketplace_MyRequests/<ExecuteAsync>d__15::MoveNext()
DA:3,0
DA:17,0
DA:18,0
DA:23,0
DA:24,0
DA:25,0
DA:30,0
DA:34,0
DA:35,0
DA:48,0
DA:49,0
DA:61,0
DA:62,0
DA:64,0
DA:66,0
DA:68,0
DA:91,0
DA:95,0
DA:97,0
DA:102,0
BRDA:3,423,0,0
BRDA:3,423,1,0
BRDA:17,636,0,0
BRDA:17,636,1,0
BRDA:24,735,0,0
BRDA:24,735,1,0
BRDA:34,834,0,0
BRDA:34,834,1,0
BRDA:34,859,0,0
BRDA:48,2769,1,0
BRDA:49,1048,0,0
BRDA:49,1048,1,0
BRDA:49,1105,0,0
BRDA:49,1105,1,0
BRDA:49,1207,0,0
BRDA:49,1207,1,0
BRDA:61,1317,0,0
BRDA:61,1317,1,0
BRDA:61,1337,0,0
BRDA:61,1337,1,0
BRDA:61,1399,0,0
BRDA:61,1399,1,0
BRDA:68,1947,0,0
BRDA:68,1947,1,0
BRDA:68,2565,0,0
BRDA:68,2565,1,0
BRDA:48,2769,0,0
BRDA:34,859,1,0
LF:20
LH:0
BRF:28
BRH:0
FNF:1
FNH:0
end_of_record
SF:C:\Users\Viktor\Desktop\diplomna\Managing-agriculture\ManagingAgriculture\Views\Marketplace\_Grid.cshtml
FN:3,System.Void AspNetCoreGeneratedDocument.Views_Marketplace__Grid/<ExecuteAsync>d__13::MoveNext()
FNDA:0,System.Void AspNetCoreGeneratedDocument.Views_Marketplace__Grid/<ExecuteAsync>d__13::MoveNext()
DA:4,0
DA:5,0
DA:6,0
DA:7,0
DA:11,0
DA:12,0
DA:17,0
DA:18,0
DA:19,0
DA:20,0
DA:21,0
DA:22,0
DA:25,0
DA:26,0
DA:28,0
DA:35,0
DA:36,0
DA:38,0
DA:40,0
DA:41,0
DA:43,0
DA:45,0
DA:46,0
DA:49,0
DA:50,0
DA:51,0
DA:54,0
DA:63,0
DA:64,0
DA:65,0
DA:66,0
DA:68,0
DA:69,0
DA:70,0
DA:72,0
DA:74,0
DA:81,0
DA:82,0
DA:83,0
DA:84,0
DA:86,0
DA:89,0
DA:90,0
DA:102,0
DA:106,0
BRDA:4,25,1,0
BRDA:4,25,0,0
BRDA:4,113,0,0
BRDA:4,113,1,0
BRDA:5,132,1,0
BRDA:5,132,0,0
BRDA:5,220,0,0
BRDA:5,220,1,0
BRDA:6,239,1,0
BRDA:6,239,0,0
BRDA:6,327,0,0
BRDA:6,327,1,0
BRDA:7,346,1,0
BRDA:7,346,0,0
BRDA:11,489,0,0
BRDA:11,489,1,0
BRDA:18,3780,1,0
BRDA:25,713,0,0
BRDA:25,713,1,0
BRDA:25,741,0,0
BRDA:25,741,1,0
BRDA:35,1085,0,0
BRDA:35,1085,1,0
BRDA:40,1209,0,0
BRDA:40,1209,1,0
BRDA:45,1307,0,0
BRDA:45,1307,1,0
BRDA:45,1359,0,0
BRDA:45,1359,1,0
BRDA:50,1463,0,0
BRDA:50,1463,1,0
BRDA:50,1515,0,0
BRDA:50,1515,1,0
BRDA:63,1730,0,0
BRDA:65,1746,0,0
BRDA:65,1746,1,0
BRDA:69,1782,0,0
BRDA:69,1782,1,0
BRDA:74,2058,0,0
BRDA:74,2058,1,0
BRDA:74,2467,0,0
BRDA:74,2467,1,0
BRDA:63,1730,1,0
BRDA:83,2663,0,0
BRDA:83,2671,0,0
BRDA:83,2663,1,0
BRDA:83,2671,1,0
BRDA:83,2701,0,0
BRDA:83,2701,1,0
BRDA:89,2732,0,0
BRDA:90,3126,0,0
BRDA:90,3126,1,0
BRDA:90,3557,0,0
BRDA:90,3557,1,0
BRDA:89,2732,1,0
BRDA:18,3780,0,0
LF:45
LH:0
BRF:56
BRH:0
FNF:1
FNH:0
end_of_record
SF:C:\Users\Viktor\Desktop\diplomna\Managing-agriculture\ManagingAgriculture\Views\Plants\Add.cshtml
FN:28,System.Void AspNetCoreGeneratedDocument.Views_Plants_Add/<<ExecuteAsync>b__37_11>d::MoveNext()
FNDA:0,System.Void AspNetCoreGeneratedDocument.Views_Plants_Add/<<ExecuteAsync>b__37_11>d::MoveNext()
DA:29,0
DA:30,0
DA:31,0
DA:32,0
DA:34,0
DA:35,0
BRDA:29,366,0,0
BRDA:29,366,1,0
BRDA:29,556,1,0
BRDA:29,556,0,0
BRDA:29,624,1,0
BRDA:29,624,0,0
BRDA:29,702,1,0
BRDA:29,702,0,0
BRDA:29,799,0,0
BRDA:31,812,1,0
BRDA:31,812,0,0
BRDA:31,872,1,0
BRDA:31,872,0,0
BRDA:31,1808,1,0
BRDA:32,1187,1,0
BRDA:32,1187,0,0
BRDA:32,1279,1,0
BRDA:32,1279,0,0
BRDA:32,1604,0,0
BRDA:32,1604,1,0
BRDA:31,1808,0,0
BRDA:29,799,1,0
FN:44,System.Void AspNetCoreGeneratedDocument.Views_Plants_Add/<<ExecuteAsync>b__37_17>d::MoveNext()
FNDA:0,System.Void AspNetCoreGeneratedDocument.Views_Plants_Add/<<ExecuteAsync>b__37_17>d::MoveNext()
DA:45,0
DA:46,0
DA:47,0
DA:48,0
DA:50,0
DA:51,0
DA:53,0
DA:55,0
DA:56,0
BRDA:45,366,0,0
BRDA:45,366,1,0
BRDA:45,556,1,0
BRDA:45,556,0,0
BRDA:45,624,1,0
BRDA:45,624,0,0
BRDA:45,702,1,0
BRDA:45,702,0,0
BRDA:45,799,0,0
BRDA:47,812,1,0
BRDA:47,812,0,0
BRDA:47,873,1,0
BRDA:47,873,0,0
BRDA:47,1915,1,0
BRDA:47,975,1,0
BRDA:50,1832,1,0
BRDA:51,1628,0,0
BRDA:51,1628,1,0
BRDA:50,1832,0,0
BRDA:47,975,0,0
BRDA:47,1915,0,0
BRDA:45,799,1,0
FN:2,System.Void AspNetCoreGeneratedDocument.Views_Plants_Add/<ExecuteAsync>d__37::MoveNext()
FNDA:0,System.Void AspNetCoreGeneratedDocument.Views_Plants_Add/<ExecuteAsync>d__37::MoveNext()
DA:3,0
DA:4,0
BRDA:4,518,0,0
BRDA:4,518,1,0
LF:17
LH:0
BRF:46
BRH:0
FNF:3
FNH:0
end_of_record
SF:C:\Users\Viktor\Desktop\diplomna\Managing-agriculture\ManagingAgriculture\Views\Plants\Edit.cshtml
FN:66,System.Void AspNetCoreGeneratedDocument.Views_Plants_Edit/<<ExecuteAsync>b__41_17>d::MoveNext()
FNDA:0,System.Void AspNetCoreGeneratedDocument.Views_Plants_Edit/<<ExecuteAsync>b__41_17>d::MoveNext()
DA:67,0
DA:68,0
DA:69,0
DA:70,0
DA:72,0
DA:73,0
BRDA:67,366,0,0
BRDA:67,366,1,0
BRDA:67,556,1,0
BRDA:67,556,0,0
BRDA:67,624,1,0
BRDA:67,624,0,0
BRDA:67,702,1,0
BRDA:67,702,0,0
BRDA:67,799,0,0
BRDA:69,812,1,0
BRDA:69,812,0,0
BRDA:69,872,1,0
BRDA:69,872,0,0
BRDA:69,2213,1,0
BRDA:70,1187,1,0
BRDA:70,1187,0,0
BRDA:70,1279,1,0
BRDA:70,1279,0,0
BRDA:70,1491,1,0
BRDA:70,1491,0,0
BRDA:70,1643,1,0
BRDA:70,1643,0,0
BRDA:70,1737,1,0
BRDA:70,1737,0,0
BRDA:70,2009,0,0
BRDA:70,2009,1,0
BRDA:69,2213,0,0
BRDA:67,799,1,0
FN:2,System.Void AspNetCoreGeneratedDocument.Views_Plants_Edit/<ExecuteAsync>d__41::MoveNext()
FNDA:0,System.Void AspNetCoreGeneratedDocument.Views_Plants_Edit/<ExecuteAsync>d__41::MoveNext()
DA:3,0
DA:4,0
DA:14,0
DA:15,0
DA:19,0
DA:21,0
DA:22,0
DA:41,0
BRDA:14,95,1,0
BRDA:14,95,0,0
BRDA:14,163,1,0
BRDA:14,163,0,0
BRDA:14,241,1,0
BRDA:14,241,0,0
BRDA:14,336,0,0
BRDA:15,452,1,0
BRDA:15,452,0,0
BRDA:15,520,1,0
BRDA:15,520,0,0
BRDA:15,602,1,0
BRDA:15,602,0,0
BRDA:15,699,0,0
BRDA:15,709,1,0
BRDA:15,709,0,0
BRDA:15,777,1,0
BRDA:15,777,0,0
BRDA:15,859,1,0
BRDA:15,859,0,0
BRDA:15,956,0,0
BRDA:15,956,1,0
BRDA:15,699,1,0
BRDA:15,1028,1,0
BRDA:15,1028,0,0
BRDA:15,1120,1,0
BRDA:15,1120,0,0
BRDA:14,336,1,0
BRDA:21,1248,1,0
BRDA:21,1248,0,0
BRDA:21,1316,1,0
BRDA:21,1316,0,0
BRDA:21,1394,1,0
BRDA:21,1394,0,0
BRDA:21,1489,0,0
BRDA:22,1562,1,0
BRDA:22,1562,0,0
BRDA:22,1654,1,0
BRDA:22,1654,0,0
BRDA:22,1764,1,0
BRDA:22,1764,0,0
BRDA:22,1856,1,0
BRDA:22,1856,0,0
BRDA:22,1966,1,0
BRDA:22,1966,0,0
BRDA:22,2058,1,0
BRDA:22,2058,0,0
BRDA:22,2168,1,0
BRDA:22,2168,0,0
BRDA:22,2260,1,0
BRDA:22,2260,0,0
BRDA:21,1489,1,0
BRDA:41,2613,0,0
BRDA:41,2613,1,0
BRDA:41,2665,1,0
BRDA:41,2665,0,0
BRDA:41,2757,1,0
BRDA:41,2757,0,0
BRDA:41,3179,0,0
BRDA:41,3179,1,0
LF:14
LH:0
BRF:88
BRH:0
FNF:2
FNH:0
end_of_record
SF:C:\Users\Viktor\Desktop\diplomna\Managing-agriculture\ManagingAgriculture\Views\Plants\Index.cshtml
FN:2,System.Void AspNetCoreGeneratedDocument.Views_Plants_Index/<ExecuteAsync>d__12::MoveNext()
FNDA:0,System.Void AspNetCoreGeneratedDocument.Views_Plants_Index/<ExecuteAsync>d__12::MoveNext()
DA:3,0
DA:4,0
DA:5,0
DA:6,0
DA:7,0
DA:8,0
DA:9,0
DA:11,0
DA:23,0
DA:24,0
DA:29,0
DA:30,0
DA:31,0
DA:36,0
DA:39,0
DA:40,0
DA:44,0
DA:45,0
DA:50,0
DA:52,0
DA:53,0
DA:54,0
DA:55,0
DA:58,0
DA:59,0
DA:64,0
DA:71,0
DA:72,0
DA:79,0
DA:84,0
DA:85,0
DA:87,0
DA:108,0
DA:109,0
DA:117,0
DA:119,0
DA:120,0
DA:125,0
DA:127,0
DA:128,0
DA:131,0
DA:132,0
DA:137,0
DA:138,0
DA:139,0
DA:144,0
DA:145,0
DA:146,0
DA:151,0
DA:152,0
DA:153,0
DA:158,0
DA:162,0
DA:163,0
DA:164,0
DA:165,0
DA:166,0
DA:167,0
DA:168,0
DA:169,0
DA:170,0
DA:171,0
DA:172,0
DA:173,0
DA:174,0
DA:175,0
DA:176,0
DA:177,0
DA:178,0
DA:179,0
DA:184,0
DA:185,0
DA:186,0
DA:187,0
DA:189,0
DA:191,0
DA:193,0
DA:194,0
DA:197,0
DA:202,0
DA:203,0
DA:207,0
DA:210,0
DA:211,0
DA:220,0
DA:221,0
DA:222,0
DA:228,0
DA:231,0
DA:232,0
DA:241,0
DA:244,0
BRDA:11,214,0,0
BRDA:11,214,1,0
BRDA:23,276,0,0
BRDA:23,276,1,0
BRDA:30,373,0,0
BRDA:30,373,1,0
BRDA:39,482,0,0
BRDA:44,518,0,0
BRDA:44,518,1,0
BRDA:39,482,1,0
BRDA:53,8236,1,0
BRDA:55,982,0,0
BRDA:55,982,1,0
BRDA:58,1049,0,0
BRDA:58,1049,1,0
BRDA:71,1200,0,0
BRDA:71,1200,1,0
BRDA:84,1484,0,0
BRDA:84,1484,1,0
BRDA:87,1719,0,0
BRDA:87,1719,1,0
BRDA:87,1921,0,0
BRDA:87,1921,1,0
BRDA:108,2328,0,0
BRDA:108,2328,1,0
BRDA:119,2439,0,0
BRDA:119,2439,1,0
BRDA:127,2539,0,0
BRDA:127,2539,1,0
BRDA:127,2555,0,0
BRDA:127,2574,0,0
BRDA:127,2574,1,0
BRDA:127,2590,0,0
BRDA:127,2555,1,0
BRDA:127,2590,1,0
BRDA:127,2624,0,0
BRDA:131,2664,0,0
BRDA:131,2664,1,0
BRDA:131,2687,0,0
BRDA:131,2687,1,0
BRDA:138,2775,0,0
BRDA:138,2775,1,0
BRDA:138,2798,0,0
BRDA:138,2798,1,0
BRDA:145,2886,0,0
BRDA:145,2886,1,0
BRDA:145,2903,0,0
BRDA:145,2903,1,0
BRDA:152,3017,0,0
BRDA:152,3017,1,0
BRDA:162,3123,0,0
BRDA:162,3123,1,0
BRDA:163,3164,0,0
BRDA:163,3176,0,0
BRDA:163,3188,0,0
BRDA:163,3197,0,0
BRDA:163,3206,0,0
BRDA:163,3220,0,0
BRDA:163,3197,1,0
BRDA:163,3251,0,0
BRDA:163,3265,0,0
BRDA:163,3188,1,0
BRDA:163,3296,0,0
BRDA:163,3305,0,0
BRDA:163,3319,0,0
BRDA:163,3296,1,0
BRDA:163,3350,0,0
BRDA:163,3359,0,0
BRDA:163,3350,1,0
BRDA:163,3390,0,0
BRDA:163,3176,1,0
BRDA:163,3421,0,0
BRDA:163,3430,0,0
BRDA:163,3439,0,0
BRDA:163,3453,0,0
BRDA:163,3430,1,0
BRDA:163,3484,0,0
BRDA:163,3498,0,0
BRDA:163,3421,1,0
BRDA:163,3529,0,0
BRDA:163,3538,0,0
BRDA:163,3552,0,0
BRDA:163,3529,1,0
BRDA:163,3583,0,0
BRDA:163,3592,0,0
BRDA:163,3583,1,0
BRDA:163,3623,0,0
BRDA:163,3164,1,0
BRDA:163,3654,0,0
BRDA:163,3666,0,0
BRDA:163,3675,0,0
BRDA:163,3684,0,0
BRDA:163,3698,0,0
BRDA:163,3675,1,0
BRDA:163,3729,0,0
BRDA:163,3743,0,0
BRDA:163,3666,1,0
BRDA:163,3774,0,0
BRDA:163,3783,0,0
BRDA:163,3797,0,0
BRDA:163,3774,1,0
BRDA:163,3828,0,0
BRDA:163,3837,0,0
BRDA:163,3828,1,0
BRDA:163,3868,0,0
BRDA:163,3654,1,0
BRDA:163,3899,0,0
BRDA:163,3908,0,0
BRDA:163,3917,0,0
BRDA:163,3931,0,0
BRDA:163,3908,1,0
BRDA:163,3962,0,0
BRDA:163,3976,0,0
BRDA:163,3899,1,0
BRDA:163,4007,0,0
BRDA:163,4016,0,0
BRDA:163,4030,0,0
BRDA:163,4007,1,0
BRDA:163,4061,0,0
BRDA:163,4070,0,0
BRDA:163,4061,1,0
BRDA:163,4101,0,0
BRDA:163,3712,1,0
BRDA:163,3684,1,0
BRDA:163,3206,1,0
BRDA:163,3637,1,0
BRDA:163,3990,1,0
BRDA:163,3868,1,0
BRDA:163,3251,1,0
BRDA:163,3698,1,0
BRDA:163,3279,1,0
BRDA:163,3566,1,0
BRDA:163,3453,1,0
BRDA:163,4030,1,0
BRDA:163,3797,1,0
BRDA:163,3538,1,0
BRDA:163,3390,1,0
BRDA:163,3592,1,0
BRDA:163,3512,1,0
BRDA:163,3851,1,0
BRDA:163,3439,1,0
BRDA:163,3606,1,0
BRDA:163,3319,1,0
BRDA:163,3234,1,0
BRDA:163,4084,1,0
BRDA:163,3498,1,0
BRDA:163,4016,1,0
BRDA:163,3265,1,0
BRDA:163,3882,1,0
BRDA:163,3811,1,0
BRDA:163,3729,1,0
BRDA:163,3404,1,0
BRDA:163,3783,1,0
BRDA:163,3333,1,0
BRDA:163,3373,1,0
BRDA:163,3623,1,0
BRDA:163,4115,1,0
BRDA:163,3484,1,0
BRDA:163,4044,1,0
BRDA:163,3359,1,0
BRDA:163,3962,1,0
BRDA:163,3757,1,0
BRDA:163,3917,1,0
BRDA:163,3931,1,0
BRDA:163,3743,1,0
BRDA:163,3945,1,0
BRDA:163,4101,1,0
BRDA:163,3837,1,0
BRDA:163,3976,1,0
BRDA:163,3305,1,0
BRDA:163,3467,1,0
BRDA:163,4070,1,0
BRDA:163,3220,1,0
BRDA:163,3552,1,0
BRDA:163,4137,1,0
BRDA:163,4159,1,0
BRDA:163,4181,1,0
BRDA:163,4203,1,0
BRDA:163,4225,1,0
BRDA:163,4247,1,0
BRDA:163,4269,1,0
BRDA:163,4291,1,0
BRDA:163,4313,1,0
BRDA:163,4335,1,0
BRDA:163,4357,1,0
BRDA:163,4379,1,0
BRDA:163,4401,1,0
BRDA:163,4423,1,0
BRDA:163,4445,1,0
BRDA:163,4467,1,0
BRDA:163,4489,1,0
BRDA:163,4511,1,0
BRDA:163,4533,1,0
BRDA:163,4555,1,0
BRDA:163,4577,1,0
BRDA:163,4599,1,0
BRDA:163,4621,1,0
BRDA:163,4643,1,0
BRDA:163,4665,1,0
BRDA:163,4687,1,0
BRDA:163,4709,1,0
BRDA:163,4731,1,0
BRDA:163,4753,1,0
BRDA:163,4775,1,0
BRDA:163,4797,1,0
BRDA:163,4819,1,0
BRDA:163,4841,1,0
BRDA:163,4863,1,0
BRDA:163,4885,1,0
BRDA:163,4907,1,0
BRDA:163,4929,1,0
BRDA:163,4951,1,0
BRDA:163,4973,1,0
BRDA:163,4995,1,0
BRDA:163,5017,1,0
BRDA:163,5039,1,0
BRDA:163,5061,1,0
BRDA:163,5083,1,0
BRDA:163,5105,1,0
BRDA:163,5127,1,0
BRDA:163,5149,1,0
BRDA:163,5171,1,0
BRDA:163,5190,1,0
BRDA:163,5206,1,0
BRDA:163,5222,1,0
BRDA:163,5238,1,0
BRDA:163,3234,0,0
BRDA:163,3279,0,0
BRDA:163,3333,0,0
BRDA:163,3373,0,0
BRDA:163,3404,0,0
BRDA:163,3467,0,0
BRDA:163,3512,0,0
BRDA:163,3566,0,0
BRDA:163,3606,0,0
BRDA:163,3637,0,0
BRDA:163,3712,0,0
BRDA:163,3757,0,0
BRDA:163,3811,0,0
BRDA:163,3851,0,0
BRDA:163,3882,0,0
BRDA:163,3945,0,0
BRDA:163,3990,0,0
BRDA:163,4044,0,0
BRDA:163,4084,0,0
BRDA:163,4115,0,0
BRDA:163,4137,0,0
BRDA:163,4159,0,0
BRDA:163,4181,0,0
BRDA:163,4203,0,0
BRDA:163,4225,0,0
BRDA:163,4247,0,0
BRDA:163,4269,0,0
BRDA:163,4291,0,0
BRDA:163,4313,0,0
BRDA:163,4335,0,0
BRDA:163,4357,0,0
BRDA:163,4379,0,0
BRDA:163,4401,0,0
BRDA:163,4423,0,0
BRDA:163,4445,0,0
BRDA:163,4467,0,0
BRDA:163,4489,0,0
BRDA:163,4511,0,0
BRDA:163,4533,0,0
BRDA:163,4555,0,0
BRDA:163,4577,0,0
BRDA:163,4599,0,0
BRDA:163,4621,0,0
BRDA:163,4643,0,0
BRDA:163,4665,0,0
BRDA:163,4687,0,0
BRDA:163,4709,0,0
BRDA:163,4731,0,0
BRDA:163,4753,0,0
BRDA:163,4775,0,0
BRDA:163,4797,0,0
BRDA:163,4819,0,0
BRDA:163,4841,0,0
BRDA:163,4863,0,0
BRDA:163,4885,0,0
BRDA:163,4907,0,0
BRDA:163,4929,0,0
BRDA:163,4951,0,0
BRDA:163,4973,0,0
BRDA:163,4995,0,0
BRDA:163,5017,0,0
BRDA:163,5039,0,0
BRDA:163,5061,0,0
BRDA:163,5083,0,0
BRDA:163,5105,0,0
BRDA:163,5127,0,0
BRDA:163,5149,0,0
BRDA:163,5171,0,0
BRDA:163,5190,0,0
BRDA:163,5206,0,0
BRDA:163,5222,0,0
BRDA:163,5238,0,0
BRDA:179,5350,0,0
BRDA:179,5350,1,0
BRDA:179,5509,0,0
BRDA:179,5509,1,0
BRDA:179,5695,0,0
BRDA:179,5695,1,0
BRDA:179,5915,0,0
BRDA:179,5915,1,0
BRDA:184,6110,0,0
BRDA:186,6123,0,0
BRDA:186,6123,1,0
BRDA:184,6110,1,0
BRDA:127,2624,1,0
BRDA:202,6221,0,0
BRDA:202,6221,1,0
BRDA:210,6399,0,0
BRDA:211,6856,0,0
BRDA:211,6856,1,0
BRDA:210,6399,1,0
BRDA:221,7054,0,0
BRDA:221,7062,0,0
BRDA:221,7054,1,0
BRDA:221,7062,1,0
BRDA:221,7080,0,0
BRDA:221,7080,1,0
BRDA:231,7556,0,0
BRDA:232,8013,0,0
BRDA:232,8013,1,0
BRDA:231,7556,1,0
BRDA:53,8236,0,0
LF:92
LH:0
BRF:328
BRH:0
FNF:1
FNH:0
end_of_record
SF:C:\Users\Viktor\Desktop\diplomna\Managing-agriculture\ManagingAgriculture\Views\Resources\Add.cshtml
FN:2,System.Void AspNetCoreGeneratedDocument.Views_Resources_Add/<ExecuteAsync>d__32::MoveNext()
FNDA:0,System.Void AspNetCoreGeneratedDocument.Views_Resources_Add/<ExecuteAsync>d__32::MoveNext()
DA:3,0
DA:4,0
BRDA:4,496,0,0
BRDA:4,496,1,0
LF:2
LH:0
BRF:2
BRH:0
FNF:1
FNH:0
end_of_record
SF:C:\Users\Viktor\Desktop\diplomna\Managing-agriculture\ManagingAgriculture\Views\Resources\Edit.cshtml
FN:2,System.Void AspNetCoreGeneratedDocument.Views_Resources_Edit/<ExecuteAsync>d__32::MoveNext()
FNDA:0,System.Void AspNetCoreGeneratedDocument.Views_Resources_Edit/<ExecuteAsync>d__32::MoveNext()
DA:3,0
DA:4,0
BRDA:4,496,0,0
BRDA:4,496,1,0
LF:2
LH:0
BRF:2
BRH:0
FNF:1
FNH:0
end_of_record
SF:C:\Users\Viktor\Desktop\diplomna\Managing-agriculture\ManagingAgriculture\Views\Resources\Index.cshtml
FN:2,System.Void AspNetCoreGeneratedDocument.Views_Resources_Index/<ExecuteAsync>d__10::MoveNext()
FNDA:0,System.Void AspNetCoreGeneratedDocument.Views_Resources_Index/<ExecuteAsync>d__10::MoveNext()
DA:3,0
DA:4,0
DA:5,0
DA:6,0
DA:7,0
DA:8,0
DA:9,0
DA:10,0
DA:12,0
DA:14,0
DA:34,0
DA:35,0
DA:40,0
DA:41,0
DA:42,0
DA:47,0
DA:51,0
DA:52,0
DA:54,0
DA:55,0
DA:61,0
DA:62,0
DA:63,0
DA:64,0
DA:65,0
DA:66,0
DA:67,0
DA:68,0
DA:69,0
DA:90,0
DA:91,0
DA:96,0
DA:98,0
DA:99,0
DA:104,0
DA:107,0
DA:108,0
DA:110,0
DA:115,0
DA:116,0
DA:124,0
DA:127,0
BRDA:4,52,1,0
BRDA:4,52,0,0
BRDA:12,307,0,0
BRDA:12,307,1,0
BRDA:14,333,0,0
BRDA:14,333,1,0
BRDA:14,575,1,0
BRDA:14,575,0,0
BRDA:14,643,1,0
BRDA:14,643,0,0
BRDA:14,737,0,0
BRDA:14,737,1,0
BRDA:14,1003,1,0
BRDA:14,1003,0,0
BRDA:14,1071,1,0
BRDA:14,1071,0,0
BRDA:14,1165,0,0
BRDA:14,1165,1,0
BRDA:14,1431,1,0
BRDA:14,1431,0,0
BRDA:14,1499,1,0
BRDA:14,1499,0,0
BRDA:14,1593,0,0
BRDA:14,1593,1,0
BRDA:14,1859,1,0
BRDA:14,1859,0,0
BRDA:14,1927,1,0
BRDA:14,1927,0,0
BRDA:14,2021,0,0
BRDA:14,2021,1,0
BRDA:14,2287,1,0
BRDA:14,2287,0,0
BRDA:14,2355,1,0
BRDA:14,2355,0,0
BRDA:14,2449,0,0
BRDA:14,2449,1,0
BRDA:14,2715,1,0
BRDA:14,2715,0,0
BRDA:14,2783,1,0
BRDA:14,2783,0,0
BRDA:14,2877,0,0
BRDA:14,2877,1,0
BRDA:34,2960,0,0
BRDA:34,2960,1,0
BRDA:41,3057,0,0
BRDA:41,3057,1,0
BRDA:51,5459,1,0
BRDA:54,3301,0,0
BRDA:54,3301,1,0
BRDA:55,3358,0,0
BRDA:55,3358,1,0
BRDA:61,3440,0,0
BRDA:61,3454,0,0
BRDA:61,3468,0,0
BRDA:61,3482,0,0
BRDA:61,3440,1,0
BRDA:61,3454,1,0
BRDA:61,3468,1,0
BRDA:61,3482,1,0
BRDA:61,3496,1,0
BRDA:61,3496,0,0
BRDA:90,4236,0,0
BRDA:90,4236,1,0
BRDA:98,4360,0,0
BRDA:98,4360,1,0
BRDA:107,4408,0,0
BRDA:107,4408,1,0
BRDA:115,4703,0,0
BRDA:116,5215,0,0
BRDA:116,5215,1,0
BRDA:115,4703,1,0
BRDA:51,5459,0,0
LF:42
LH:0
BRF:72
BRH:0
FNF:1
FNH:0
end_of_record
SF:C:\Users\Viktor\Desktop\diplomna\Managing-agriculture\ManagingAgriculture\Views\Sensors\Disconnected.cshtml
FN:1,System.Void AspNetCoreGeneratedDocument.Views_Sensors_Disconnected/<ExecuteAsync>d__0::MoveNext()
FNDA:0,System.Void AspNetCoreGeneratedDocument.Views_Sensors_Disconnected/<ExecuteAsync>d__0::MoveNext()
DA:2,0
DA:3,0
LF:2
LH:0
BRF:0
BRH:0
FNF:1
FNH:0
end_of_record
SF:C:\Users\Viktor\Desktop\diplomna\Managing-agriculture\ManagingAgriculture\Views\Sensors\Index.cshtml
FN:1,System.Void AspNetCoreGeneratedDocument.Views_Sensors_Index/<ExecuteAsync>d__0::MoveNext()
FNDA:0,System.Void AspNetCoreGeneratedDocument.Views_Sensors_Index/<ExecuteAsync>d__0::MoveNext()
DA:2,0
LF:1
LH:0
BRF:0
BRH:0
FNF:1
FNH:0
end_of_record
SF:C:\Users\Viktor\Desktop\diplomna\Managing-agriculture\ManagingAgriculture\Views\Shared\_Layout.cshtml
FN:16,System.Void AspNetCoreGeneratedDocument.Views_Shared__Layout/<<ExecuteAsync>b__27_1>d::MoveNext()
FNDA:0,System.Void AspNetCoreGeneratedDocument.Views_Shared__Layout/<<ExecuteAsync>b__27_1>d::MoveNext()
DA:17,0
DA:18,0
DA:19,0
DA:21,0
DA:22,0
DA:23,0
DA:24,0
DA:26,0
DA:27,0
DA:28,0
DA:29,0
DA:30,0
DA:31,0
DA:32,0
DA:33,0
DA:34,0
DA:35,0
DA:36,0
DA:39,0
DA:40,0
DA:41,0
DA:42,0
DA:43,0
DA:46,0
DA:47,0
DA:48,0
DA:49,0
DA:50,0
DA:51,0
DA:54,0
DA:55,0
DA:57,0
DA:58,0
DA:59,0
DA:61,0
DA:63,0
DA:64,0
DA:65,0
DA:66,0
DA:67,0
DA:70,0
DA:71,0
DA:72,0
DA:73,0
DA:74,0
DA:75,0
DA:76,0
DA:77,0
DA:78,0
DA:79,0
DA:80,0
DA:81,0
DA:82,0
DA:83,0
DA:84,0
DA:88,0
DA:89,0
DA:107,0
DA:108,0
DA:113,0
DA:133,0
DA:134,0
DA:144,0
DA:146,0
DA:147,0
DA:153,0
DA:155,0
DA:156,0
DA:162,0
DA:164,0
DA:165,0
DA:170,0
DA:172,0
DA:173,0
DA:179,0
DA:182,0
DA:183,0
DA:187,0
DA:188,0
DA:190,0
DA:199,0
DA:202,0
DA:214,0
DA:215,0
DA:217,0
DA:218,0
DA:222,0
DA:226,0
DA:228,0
DA:229,0
DA:230,0
DA:232,0
DA:233,0
DA:239,0
DA:243,0
DA:245,0
DA:249,0
DA:250,0
DA:282,0
DA:283,0
DA:291,0
BRDA:17,221,0,0
BRDA:17,221,1,0
BRDA:18,270,0,0
BRDA:18,270,1,0
BRDA:19,303,0,0
BRDA:19,303,1,0
BRDA:26,389,0,0
BRDA:26,389,1,0
BRDA:26,401,0,0
BRDA:26,401,1,0
BRDA:26,435,0,0
BRDA:29,596,0,0
BRDA:31,620,0,0
BRDA:31,620,1,0
BRDA:32,657,0,0
BRDA:35,839,0,0
BRDA:35,839,1,0
BRDA:35,851,0,0
BRDA:35,851,1,0
BRDA:32,657,1,0
BRDA:39,888,0,0
BRDA:39,888,1,0
BRDA:39,918,0,0
BRDA:42,961,0,0
BRDA:42,961,1,0
BRDA:39,918,1,0
BRDA:46,1053,0,0
BRDA:46,1053,1,0
BRDA:46,1084,0,0
BRDA:46,1084,1,0
BRDA:48,1124,0,0
BRDA:48,1124,1,0
BRDA:50,1164,0,0
BRDA:50,1164,1,0
BRDA:54,1198,0,0
BRDA:54,1198,1,0
BRDA:54,1228,0,0
BRDA:54,1228,1,0
BRDA:29,596,1,0
BRDA:26,435,1,0
BRDA:78,1996,0,0
BRDA:80,2018,0,0
BRDA:80,2018,1,0
BRDA:80,2043,0,0
BRDA:80,2043,1,0
BRDA:81,2073,0,0
BRDA:81,2073,1,0
BRDA:81,2098,0,0
BRDA:81,2098,1,0
BRDA:82,2125,0,0
BRDA:82,2125,1,0
BRDA:82,2147,0,0
BRDA:82,2147,1,0
BRDA:83,2174,0,0
BRDA:83,2174,1,0
BRDA:83,2196,0,0
BRDA:83,2196,1,0
BRDA:78,1996,1,0
BRDA:88,2233,0,0
BRDA:107,2514,0,0
BRDA:107,2514,1,0
BRDA:107,2526,0,0
BRDA:107,2526,1,0
BRDA:107,2562,0,0
BRDA:107,2562,1,0
BRDA:133,3243,0,0
BRDA:133,3243,1,0
BRDA:146,3555,0,0
BRDA:146,3555,1,0
BRDA:155,3744,0,0
BRDA:155,3744,1,0
BRDA:164,3933,0,0
BRDA:164,3933,1,0
BRDA:172,4122,0,0
BRDA:172,4122,1,0
BRDA:182,4298,0,0
BRDA:182,4298,1,0
BRDA:182,4310,0,0
BRDA:182,4310,1,0
BRDA:182,4346,0,0
BRDA:187,4505,0,0
BRDA:188,4539,0,0
BRDA:188,4539,1,0
BRDA:187,4505,1,0
BRDA:190,5110,0,0
BRDA:190,5110,1,0
BRDA:182,4346,1,0
BRDA:88,2233,1,0
BRDA:202,5427,0,0
BRDA:202,5427,1,0
BRDA:214,5587,0,0
BRDA:217,5603,0,0
BRDA:217,5603,1,0
BRDA:214,5587,1,0
BRDA:229,5910,0,0
BRDA:229,5910,1,0
BRDA:229,5922,0,0
BRDA:229,5922,1,0
BRDA:229,5958,0,0
BRDA:232,6036,0,0
BRDA:233,6670,0,0
BRDA:233,6670,1,0
BRDA:232,6036,1,0
BRDA:229,5958,1,0
BRDA:250,7413,0,0
BRDA:250,7413,1,0
BRDA:250,7680,0,0
BRDA:250,7680,1,0
BRDA:250,7947,0,0
BRDA:250,7947,1,0
BRDA:250,8214,0,0
BRDA:250,8214,1,0
BRDA:250,8481,0,0
BRDA:250,8481,1,0
BRDA:282,8550,0,0
BRDA:282,8550,1,0
BRDA:282,8562,0,0
BRDA:282,8562,1,0
BRDA:282,8598,0,0
BRDA:283,9131,0,0
BRDA:283,9131,1,0
BRDA:282,8598,1,0
BRDA:291,9627,0,0
BRDA:291,9627,1,0
BRDA:291,10105,0,0
BRDA:291,10105,1,0
BRDA:291,10732,0,0
BRDA:291,10732,1,0
LF:101
LH:0
BRF:128
BRH:0
FNF:1
FNH:0
end_of_record
SF:C:\Users\Viktor\Desktop\diplomna\Managing-agriculture\ManagingAgriculture\Views\Task\Index.cshtml
FN:2,System.Void AspNetCoreGeneratedDocument.Views_Task_Index/<ExecuteAsync>d__10::MoveNext()
FNDA:0,System.Void AspNetCoreGeneratedDocument.Views_Task_Index/<ExecuteAsync>d__10::MoveNext()
DA:3,0
DA:22,0
DA:23,0
DA:28,0
DA:29,0
DA:33,0
DA:34,0
DA:35,0
DA:39,0
DA:41,0
DA:45,0
DA:48,0
DA:49,0
DA:56,0
DA:57,0
DA:58,0
DA:60,0
DA:63,0
DA:64,0
DA:65,0
DA:71,0
BRDA:22,1126,1,0
BRDA:28,299,0,0
BRDA:28,299,1,0
BRDA:34,340,0,0
BRDA:34,340,1,0
BRDA:48,422,0,0
BRDA:49,857,0,0
BRDA:49,857,1,0
BRDA:48,422,1,0
BRDA:57,1069,0,0
BRDA:57,1069,1,0
BRDA:22,1126,0,0
BRDA:64,1188,0,0
BRDA:64,1188,1,0
LF:21
LH:0
BRF:14
BRH:0
FNF:1
FNH:0
end_of_record
SF:C:\Users\Viktor\Desktop\diplomna\Managing-agriculture\ManagingAgriculture\Views\_ViewStart.cshtml
FN:1,System.Void AspNetCoreGeneratedDocument.Views__ViewStart/<ExecuteAsync>d__0::MoveNext()
FNDA:0,System.Void AspNetCoreGeneratedDocument.Views__ViewStart/<ExecuteAsync>d__0::MoveNext()
DA:2,0
LF:1
LH:0
BRF:0
BRH:0
FNF:1
FNH:0
end_of_record
SF:C:\Users\Viktor\Desktop\diplomna\Managing-agriculture\ManagingAgriculture\ViewModels\AdminViewModels.cs
FN:7,System.Int32 ManagingAgriculture.ViewModels.AdminDashboardViewModel::get_TotalUsers()
FNDA:2,System.Int32 ManagingAgriculture.ViewModels.AdminDashboardViewModel::get_TotalUsers()
DA:8,2
FN:8,System.Int32 ManagingAgriculture.ViewModels.AdminDashboardViewModel::get_TotalCompanies()
FNDA:2,System.Int32 ManagingAgriculture.ViewModels.AdminDashboardViewModel::get_TotalCompanies()
DA:9,2
FN:9,System.Int32 ManagingAgriculture.ViewModels.AdminDashboardViewModel::get_TotalPlants()
FNDA:1,System.Int32 ManagingAgriculture.ViewModels.AdminDashboardViewModel::get_TotalPlants()
DA:10,1
FN:10,System.Int32 ManagingAgriculture.ViewModels.AdminDashboardViewModel::get_TotalResources()
FNDA:1,System.Int32 ManagingAgriculture.ViewModels.AdminDashboardViewModel::get_TotalResources()
DA:11,1
FN:11,System.Int32 ManagingAgriculture.ViewModels.AdminDashboardViewModel::get_TotalMachinery()
FNDA:1,System.Int32 ManagingAgriculture.ViewModels.AdminDashboardViewModel::get_TotalMachinery()
DA:12,1
FN:14,System.Collections.Generic.Dictionary`2<System.String,System.Int32> ManagingAgriculture.ViewModels.AdminDashboardViewModel::get_UserRolesCount()
FNDA:2,System.Collections.Generic.Dictionary`2<System.String,System.Int32> ManagingAgriculture.ViewModels.AdminDashboardViewModel::get_UserRolesCount()
DA:15,2
FN:16,System.Collections.Generic.List`1<ManagingAgriculture.Models.ApplicationUser> ManagingAgriculture.ViewModels.AdminDashboardViewModel::get_RecentUsers()
FNDA:2,System.Collections.Generic.List`1<ManagingAgriculture.Models.ApplicationUser> ManagingAgriculture.ViewModels.AdminDashboardViewModel::get_RecentUsers()
DA:17,2
FN:17,System.Collections.Generic.List`1<ManagingAgriculture.Models.Company> ManagingAgriculture.ViewModels.AdminDashboardViewModel::get_RecentCompanies()
FNDA:2,System.Collections.Generic.List`1<ManagingAgriculture.Models.Company> ManagingAgriculture.ViewModels.AdminDashboardViewModel::get_RecentCompanies()
DA:18,2
FN:22,System.String ManagingAgriculture.ViewModels.UserManagementViewModel::get_Id()
FNDA:2,System.String ManagingAgriculture.ViewModels.UserManagementViewModel::get_Id()
DA:23,2
FN:23,System.String ManagingAgriculture.ViewModels.UserManagementViewModel::get_Email()
FNDA:2,System.String ManagingAgriculture.ViewModels.UserManagementViewModel::get_Email()
DA:24,2
FN:24,System.String ManagingAgriculture.ViewModels.UserManagementViewModel::get_FullName()
FNDA:2,System.String ManagingAgriculture.ViewModels.UserManagementViewModel::get_FullName()
DA:25,2
FN:25,System.String ManagingAgriculture.ViewModels.UserManagementViewModel::get_CurrentRole()
FNDA:2,System.String ManagingAgriculture.ViewModels.UserManagementViewModel::get_CurrentRole()
DA:26,2
FN:26,System.String ManagingAgriculture.ViewModels.UserManagementViewModel::get_CompanyName()
FNDA:2,System.String ManagingAgriculture.ViewModels.UserManagementViewModel::get_CompanyName()
DA:27,2
FN:27,System.Boolean ManagingAgriculture.ViewModels.UserManagementViewModel::get_IsLockedOut()
FNDA:2,System.Boolean ManagingAgriculture.ViewModels.UserManagementViewModel::get_IsLockedOut()
DA:28,2
FN:28,System.DateTime ManagingAgriculture.ViewModels.UserManagementViewModel::get_CreatedDate()
FNDA:0,System.DateTime ManagingAgriculture.ViewModels.UserManagementViewModel::get_CreatedDate()
DA:29,0
FN:33,System.String ManagingAgriculture.ViewModels.CompanyOverviewViewModel::get_Id()
FNDA:0,System.String ManagingAgriculture.ViewModels.CompanyOverviewViewModel::get_Id()
DA:34,0
FN:34,System.String ManagingAgriculture.ViewModels.CompanyOverviewViewModel::get_Name()
FNDA:0,System.String ManagingAgriculture.ViewModels.CompanyOverviewViewModel::get_Name()
DA:35,0
FN:35,System.String ManagingAgriculture.ViewModels.CompanyOverviewViewModel::get_OwnerEmail()
FNDA:0,System.String ManagingAgriculture.ViewModels.CompanyOverviewViewModel::get_OwnerEmail()
DA:36,0
FN:36,System.Int32 ManagingAgriculture.ViewModels.CompanyOverviewViewModel::get_StaffCount()
FNDA:0,System.Int32 ManagingAgriculture.ViewModels.CompanyOverviewViewModel::get_StaffCount()
DA:37,0
FN:37,System.Int32 ManagingAgriculture.ViewModels.CompanyOverviewViewModel::get_PlantCount()
FNDA:0,System.Int32 ManagingAgriculture.ViewModels.CompanyOverviewViewModel::get_PlantCount()
DA:38,0
LF:20
LH:14
BRF:0
BRH:0
FNF:20
FNH:14
end_of_record
SF:C:\Users\Viktor\Desktop\diplomna\Managing-agriculture\ManagingAgriculture\ViewModels\DashboardViewModel.cs
FN:6,System.Int32 ManagingAgriculture.ViewModels.DashboardViewModel::get_ActivePlantsCount()
FNDA:2,System.Int32 ManagingAgriculture.ViewModels.DashboardViewModel::get_ActivePlantsCount()
DA:7,2
FN:7,System.Int32 ManagingAgriculture.ViewModels.DashboardViewModel::get_ResourcesCount()
FNDA:1,System.Int32 ManagingAgriculture.ViewModels.DashboardViewModel::get_ResourcesCount()
DA:8,1
FN:8,System.Int32 ManagingAgriculture.ViewModels.DashboardViewModel::get_MachineryCount()
FNDA:1,System.Int32 ManagingAgriculture.ViewModels.DashboardViewModel::get_MachineryCount()
DA:9,1
FN:9,System.Int32 ManagingAgriculture.ViewModels.DashboardViewModel::get_LowStockCount()
FNDA:2,System.Int32 ManagingAgriculture.ViewModels.DashboardViewModel::get_LowStockCount()
DA:10,2
FN:10,System.Collections.Generic.List`1<ManagingAgriculture.Models.Plant> ManagingAgriculture.ViewModels.DashboardViewModel::get_ActiveCrops()
FNDA:2,System.Collections.Generic.List`1<ManagingAgriculture.Models.Plant> ManagingAgriculture.ViewModels.DashboardViewModel::get_ActiveCrops()
DA:11,2
FN:11,System.Collections.Generic.List`1<ManagingAgriculture.Models.HarvestRecord> ManagingAgriculture.ViewModels.DashboardViewModel::get_RecentHarvests()
FNDA:2,System.Collections.Generic.List`1<ManagingAgriculture.Models.HarvestRecord> ManagingAgriculture.ViewModels.DashboardViewModel::get_RecentHarvests()
DA:12,2
LF:6
LH:6
BRF:0
BRH:0
FNF:6
FNH:6
end_of_record
SF:C:\Users\Viktor\Desktop\diplomna\Managing-agriculture\ManagingAgriculture\Services\ArduinoService.cs
FN:28,System.Void ManagingAgriculture.Services.ArduinoService::OnDataReceived(System.Object,System.IO.Ports.SerialDataReceivedEventArgs)
FNDA:0,System.Void ManagingAgriculture.Services.ArduinoService::OnDataReceived(System.Object,System.IO.Ports.SerialDataReceivedEventArgs)
DA:29,0
DA:31,0
DA:32,0
DA:33,0
DA:34,0
DA:35,0
DA:36,0
DA:37,0
DA:38,0
DA:39,0
DA:40,0
DA:41,0
DA:42,0
BRDA:32,13,0,0
BRDA:35,38,0,0
BRDA:35,38,1,0
BRDA:32,13,1,0
FN:44,System.Int32 ManagingAgriculture.Services.ArduinoService::GetValue()
FNDA:0,System.Int32 ManagingAgriculture.Services.ArduinoService::GetValue()
DA:45,0
DA:46,0
DA:47,0
FN:49,System.Boolean ManagingAgriculture.Services.ArduinoService::IsConnected()
FNDA:0,System.Boolean ManagingAgriculture.Services.ArduinoService::IsConnected()
DA:50,0
DA:52,0
DA:53,0
DA:55,0
DA:56,0
DA:57,0
DA:59,0
BRDA:53,8,0,0
BRDA:53,8,1,0
FN:8,System.Void ManagingAgriculture.Services.ArduinoService::.ctor()
FNDA:3,System.Void ManagingAgriculture.Services.ArduinoService::.ctor()
DA:9,3
DA:11,3
DA:12,3
DA:14,3
DA:15,3
DA:16,3
DA:17,3
DA:18,0
DA:19,0
DA:20,3
DA:21,3
DA:23,3
DA:24,3
DA:25,3
DA:26,3
LF:38
LH:13
BRF:6
BRH:0
FNF:4
FNH:1
end_of_record
SF:C:\Users\Viktor\Desktop\diplomna\Managing-agriculture\ManagingAgriculture\Services\CropDataService.cs
FN:93,System.Collections.Generic.List`1<System.String> ManagingAgriculture.Services.CropDataService::GetAllCrops()
FNDA:0,System.Collections.Generic.List`1<System.String> ManagingAgriculture.Services.CropDataService::GetAllCrops()
DA:94,0
DA:95,0
DA:96,0
FN:101,System.Int32 ManagingAgriculture.Services.CropDataService::GetCropMaturityDays(System.String)
FNDA:5,System.Int32 ManagingAgriculture.Services.CropDataService::GetCropMaturityDays(System.String)
DA:102,5
DA:103,5
DA:105,5
DA:106,4
DA:108,1
DA:109,5
BRDA:103,9,0,0
BRDA:103,9,1,5
BRDA:105,31,0,4
BRDA:105,31,1,1
FN:126,System.Int32 ManagingAgriculture.Services.CropDataService::CalculateGrowthPercentage(System.DateTime,System.DateTime,System.String,System.String,System.Nullable`1<System.Decimal>,System.Boolean,System.Nullable`1<System.Int32>,System.String)
FNDA:4,System.Int32 ManagingAgriculture.Services.CropDataService::CalculateGrowthPercentage(System.DateTime,System.DateTime,System.String,System.String,System.Nullable`1<System.Decimal>,System.Boolean,System.Nullable`1<System.Int32>,System.String)
DA:127,4
DA:129,4
DA:130,1
DA:133,3
DA:136,3
DA:137,3
DA:140,3
DA:143,3
DA:144,3
DA:145,3
DA:146,3
DA:147,3
DA:148,3
DA:149,3
DA:150,3
DA:153,3
DA:154,1
DA:157,2
DA:160,3
DA:161,2
DA:163,2
DA:164,4
BRDA:129,12,0,1
BRDA:129,12,1,3
BRDA:153,91,0,2
BRDA:153,91,1,1
BRDA:153,112,0,1
BRDA:153,112,1,2
BRDA:160,164,0,1
BRDA:160,164,1,2
BRDA:161,194,0,0
BRDA:161,194,1,2
FN:178,System.Double ManagingAgriculture.Services.CropDataService::CalculateEnvironmentalMultiplier(System.String,System.String,System.Nullable`1<System.Decimal>,System.Boolean,System.Nullable`1<System.Int32>,System.String)
FNDA:3,System.Double ManagingAgriculture.Services.CropDataService::CalculateEnvironmentalMultiplier(System.String,System.String,System.Nullable`1<System.Decimal>,System.Boolean,System.Nullable`1<System.Int32>,System.String)
DA:179,3
DA:180,3
DA:183,3
DA:184,3
DA:185,3
DA:188,3
DA:189,1
DA:190,2
DA:191,0
DA:192,2
DA:193,2
DA:194,0
DA:195,0
DA:196,3
DA:199,3
DA:200,3
DA:201,3
DA:204,3
DA:205,1
DA:206,2
DA:207,0
DA:208,2
DA:209,0
DA:211,2
DA:212,3
DA:215,3
DA:216,2
DA:217,2
DA:218,2
DA:221,2
DA:222,2
DA:223,2
DA:224,0
DA:225,0
DA:226,0
DA:227,0
DA:228,0
DA:229,0
DA:230,0
DA:231,0
DA:232,0
DA:233,0
DA:235,2
DA:236,2
DA:237,0
DA:238,0
DA:239,0
DA:240,0
DA:241,0
DA:242,0
DA:243,0
DA:244,0
DA:247,2
DA:248,2
DA:249,1
DA:250,1
DA:251,1
DA:252,2
DA:253,2
DA:256,3
DA:257,2
DA:258,2
DA:259,2
DA:262,2
DA:263,2
DA:264,2
DA:265,0
DA:266,0
DA:267,0
DA:268,0
DA:269,0
DA:270,0
DA:271,0
DA:272,0
DA:274,2
DA:275,2
DA:276,0
DA:277,0
DA:278,0
DA:279,0
DA:280,0
DA:281,0
DA:282,2
DA:286,3
DA:287,1
DA:290,3
DA:291,3
DA:293,3
DA:294,3
BRDA:183,20,0,3
BRDA:188,36,0,1
BRDA:188,36,1,2
BRDA:188,50,0,1
BRDA:188,50,1,2
BRDA:190,68,0,2
BRDA:190,72,0,0
BRDA:190,72,1,2
BRDA:190,68,1,0
BRDA:190,91,0,0
BRDA:190,91,1,2
BRDA:192,115,0,2
BRDA:192,115,1,0
BRDA:194,142,0,0
BRDA:194,142,1,3
BRDA:183,20,1,3
BRDA:199,168,0,3
BRDA:204,197,0,1
BRDA:204,197,1,2
BRDA:204,220,0,1
BRDA:204,220,1,2
BRDA:206,253,0,0
BRDA:206,253,1,2
BRDA:206,269,0,2
BRDA:206,285,0,0
BRDA:206,285,1,2
BRDA:206,269,1,0
BRDA:206,311,0,0
BRDA:206,311,1,2
BRDA:208,340,0,0
BRDA:208,340,1,2
BRDA:208,356,0,2
BRDA:208,372,0,0
BRDA:208,372,1,2
BRDA:208,356,1,0
BRDA:208,398,0,0
BRDA:208,398,1,2
BRDA:199,168,1,3
BRDA:215,434,0,2
BRDA:215,434,1,1
BRDA:215,452,0,2
BRDA:221,487,0,2
BRDA:221,501,0,2
BRDA:221,515,0,2
BRDA:221,529,0,2
BRDA:221,543,0,2
BRDA:221,487,1,0
BRDA:221,501,1,0
BRDA:221,515,1,0
BRDA:221,529,1,0
BRDA:221,543,1,0
BRDA:221,564,0,0
BRDA:225,586,0,0
BRDA:225,586,1,0
BRDA:227,618,0,0
BRDA:227,618,1,0
BRDA:229,650,0,0
BRDA:229,650,1,0
BRDA:231,682,0,0
BRDA:231,682,1,0
BRDA:221,564,1,2
BRDA:235,714,0,2
BRDA:235,728,0,2
BRDA:235,742,0,2
BRDA:235,714,1,0
BRDA:235,728,1,0
BRDA:235,742,1,0
BRDA:235,763,0,0
BRDA:238,778,0,0
BRDA:238,778,1,0
BRDA:238,799,0,0
BRDA:238,799,1,0
BRDA:240,831,0,0
BRDA:240,831,1,0
BRDA:242,863,0,0
BRDA:242,863,1,0
BRDA:235,763,1,2
BRDA:248,897,0,1
BRDA:248,897,1,1
BRDA:250,929,0,1
BRDA:250,929,1,2
BRDA:215,452,1,3
BRDA:256,951,0,2
BRDA:256,951,1,1
BRDA:256,969,0,2
BRDA:262,1003,0,2
BRDA:262,1017,0,2
BRDA:262,1031,0,2
BRDA:262,1045,0,2
BRDA:262,1059,0,2
BRDA:262,1003,1,0
BRDA:262,1017,1,0
BRDA:262,1031,1,0
BRDA:262,1045,1,0
BRDA:262,1059,1,0
BRDA:262,1080,0,0
BRDA:266,1095,0,0
BRDA:266,1095,1,0
BRDA:266,1116,0,0
BRDA:266,1116,1,0
BRDA:268,1148,0,0
BRDA:268,1148,1,0
BRDA:270,1180,0,0
BRDA:270,1180,1,0
BRDA:262,1080,1,2
BRDA:274,1212,0,2
BRDA:274,1226,0,2
BRDA:274,1240,0,2
BRDA:274,1212,1,0
BRDA:274,1226,1,0
BRDA:274,1240,1,0
BRDA:274,1261,0,0
BRDA:277,1280,0,0
BRDA:277,1280,1,0
BRDA:279,1308,0,0
BRDA:279,1308,1,0
BRDA:279,1329,0,0
BRDA:279,1329,1,0
BRDA:274,1261,1,2
BRDA:256,969,1,3
BRDA:286,1351,0,1
BRDA:286,1351,1,3
BRDA:290,1381,0,0
BRDA:290,1381,1,3
BRDA:291,1409,0,0
BRDA:291,1409,1,3
FN:299,System.String ManagingAgriculture.Services.CropDataService::GetPlantStatus(System.Int32,System.DateTime,System.DateTime)
FNDA:5,System.String ManagingAgriculture.Services.CropDataService::GetPlantStatus(System.Int32,System.DateTime,System.DateTime)
DA:300,5
DA:301,5
DA:302,1
DA:303,4
DA:304,2
DA:305,2
DA:306,1
DA:308,1
DA:309,5
BRDA:301,7,0,1
BRDA:301,7,1,4
BRDA:303,24,0,2
BRDA:303,24,1,2
BRDA:305,41,0,1
BRDA:305,41,1,1
FN:315,System.ValueTuple`4<System.String,System.String,System.String,System.String> ManagingAgriculture.Services.CropDataService::GetCropRecommendations(System.String)
FNDA:1,System.ValueTuple`4<System.String,System.String,System.String,System.String> ManagingAgriculture.Services.CropDataService::GetCropRecommendations(System.String)
DA:316,1
DA:317,1
DA:320,1
DA:321,1
DA:322,0
DA:325,1
DA:326,0
DA:329,1
DA:330,0
DA:333,1
DA:334,0
DA:337,1
DA:338,0
DA:341,1
DA:342,0
DA:346,1
DA:347,1
BRDA:317,2,0,0
BRDA:317,2,1,1
BRDA:317,14,0,0
BRDA:317,14,1,1
BRDA:320,34,0,1
BRDA:320,47,0,1
BRDA:320,60,0,1
BRDA:320,73,0,1
BRDA:320,34,1,0
BRDA:320,47,1,0
BRDA:320,60,1,0
BRDA:320,73,1,0
BRDA:320,91,0,0
BRDA:320,91,1,1
BRDA:325,135,0,1
BRDA:325,148,0,1
BRDA:325,161,0,1
BRDA:325,135,1,0
BRDA:325,148,1,0
BRDA:325,161,1,0
BRDA:325,179,0,0
BRDA:325,179,1,1
BRDA:329,223,0,1
BRDA:329,236,0,1
BRDA:329,249,0,1
BRDA:329,223,1,0
BRDA:329,236,1,0
BRDA:329,249,1,0
BRDA:329,269,0,0
BRDA:329,269,1,1
BRDA:333,313,0,1
BRDA:333,326,0,1
BRDA:333,313,1,0
BRDA:333,326,1,0
BRDA:333,346,0,0
BRDA:333,346,1,1
BRDA:337,390,0,1
BRDA:337,403,0,1
BRDA:337,416,0,1
BRDA:337,390,1,0
BRDA:337,403,1,0
BRDA:337,416,1,0
BRDA:337,436,0,0
BRDA:337,436,1,1
BRDA:341,477,0,1
BRDA:341,490,0,1
BRDA:341,503,0,1
BRDA:341,477,1,0
BRDA:341,490,1,0
BRDA:341,503,1,0
BRDA:341,523,0,0
BRDA:341,523,1,1
FN:352,System.Int32 ManagingAgriculture.Services.CropDataService::CalculateTimeProgress(System.DateTime,System.DateTime,System.Int32)
FNDA:0,System.Int32 ManagingAgriculture.Services.CropDataService::CalculateTimeProgress(System.DateTime,System.DateTime,System.Int32)
DA:353,0
DA:354,0
DA:355,0
DA:357,0
DA:358,0
DA:360,0
DA:361,0
DA:363,0
DA:365,0
DA:366,0
DA:368,0
DA:369,0
BRDA:354,10,0,0
BRDA:354,10,1,0
BRDA:360,44,0,0
BRDA:360,44,1,0
BRDA:365,82,0,0
BRDA:365,82,1,0
BRDA:366,105,0,0
BRDA:366,105,1,0
FN:8,System.Void ManagingAgriculture.Services.CropDataService::.cctor()
FNDA:1,System.Void ManagingAgriculture.Services.CropDataService::.cctor()
DA:9,1
DA:10,1
DA:11,1
DA:12,1
DA:13,1
DA:14,1
DA:15,1
DA:16,1
DA:17,1
DA:18,1
DA:19,1
DA:22,1
DA:23,1
DA:24,1
DA:25,1
DA:26,1
DA:27,1
DA:28,1
DA:29,1
DA:30,1
DA:31,1
DA:32,1
DA:33,1
DA:34,1
DA:35,1
DA:36,1
DA:37,1
DA:38,1
DA:39,1
DA:40,1
DA:41,1
DA:42,1
DA:43,1
DA:44,1
DA:45,1
DA:46,1
DA:47,1
DA:48,1
DA:49,1
DA:50,1
DA:51,1
DA:52,1
DA:53,1
DA:54,1
DA:55,1
DA:56,1
DA:57,1
DA:58,1
DA:59,1
DA:60,1
DA:61,1
DA:62,1
DA:63,1
DA:64,1
DA:65,1
DA:66,1
DA:67,1
DA:68,1
DA:69,1
DA:70,1
DA:71,1
DA:72,1
DA:73,1
DA:74,1
DA:75,1
DA:76,1
DA:77,1
DA:78,1
DA:79,1
DA:80,1
DA:81,1
DA:82,1
DA:83,1
DA:84,1
DA:85,1
DA:86,1
DA:87,1
DA:88,1
DA:89,1
DA:90,1
DA:91,1
LF:239
LH:181
BRF:206
BRH:105
FNF:8
FNH:6
end_of_record
SF:C:\Users\Viktor\Desktop\diplomna\Managing-agriculture\ManagingAgriculture\Models\ApplicationUser.cs
FN:6,System.Nullable`1<System.Int32> ManagingAgriculture.Models.ApplicationUser::get_CompanyId()
FNDA:136,System.Nullable`1<System.Int32> ManagingAgriculture.Models.ApplicationUser::get_CompanyId()
DA:7,136
FN:9,ManagingAgriculture.Models.Company ManagingAgriculture.Models.ApplicationUser::get_Company()
FNDA:0,ManagingAgriculture.Models.Company ManagingAgriculture.Models.ApplicationUser::get_Company()
DA:10,0
FN:12,System.String ManagingAgriculture.Models.ApplicationUser::get_FirstName()
FNDA:5,System.String ManagingAgriculture.Models.ApplicationUser::get_FirstName()
DA:13,5
FN:13,System.String ManagingAgriculture.Models.ApplicationUser::get_LastName()
FNDA:2,System.String ManagingAgriculture.Models.ApplicationUser::get_LastName()
DA:14,2
FN:17,System.Decimal ManagingAgriculture.Models.ApplicationUser::get_Salary()
FNDA:9,System.Decimal ManagingAgriculture.Models.ApplicationUser::get_Salary()
DA:18,9
FN:18,System.Boolean ManagingAgriculture.Models.ApplicationUser::get_IsSalaryPaidInfo()
FNDA:2,System.Boolean ManagingAgriculture.Models.ApplicationUser::get_IsSalaryPaidInfo()
DA:19,2
FN:20,System.Int32 ManagingAgriculture.Models.ApplicationUser::get_LeaveDaysTotal()
FNDA:69,System.Int32 ManagingAgriculture.Models.ApplicationUser::get_LeaveDaysTotal()
DA:21,69
FN:21,System.Int32 ManagingAgriculture.Models.ApplicationUser::get_LeaveDaysUsed()
FNDA:5,System.Int32 ManagingAgriculture.Models.ApplicationUser::get_LeaveDaysUsed()
DA:22,5
FN:24,System.String ManagingAgriculture.Models.ApplicationUser::get_ThemePreference()
FNDA:58,System.String ManagingAgriculture.Models.ApplicationUser::get_ThemePreference()
DA:25,58
LF:9
LH:8
BRF:0
BRH:0
FNF:9
FNH:8
end_of_record
SF:C:\Users\Viktor\Desktop\diplomna\Managing-agriculture\ManagingAgriculture\Models\Company.cs
FN:10,System.Int32 ManagingAgriculture.Models.Company::get_Id()
FNDA:3,System.Int32 ManagingAgriculture.Models.Company::get_Id()
DA:11,3
FN:14,System.String ManagingAgriculture.Models.Company::get_Name()
FNDA:8,System.String ManagingAgriculture.Models.Company::get_Name()
DA:15,8
FN:16,System.String ManagingAgriculture.Models.Company::get_LogoPath()
FNDA:1,System.String ManagingAgriculture.Models.Company::get_LogoPath()
DA:17,1
FN:18,System.DateTime ManagingAgriculture.Models.Company::get_CreatedOn()
FNDA:3,System.DateTime ManagingAgriculture.Models.Company::get_CreatedOn()
DA:19,3
FN:23,System.String ManagingAgriculture.Models.Company::get_CreatedByUserId()
FNDA:3,System.String ManagingAgriculture.Models.Company::get_CreatedByUserId()
DA:24,3
FN:26,System.Collections.Generic.ICollection`1<ManagingAgriculture.Models.ApplicationUser> ManagingAgriculture.Models.Company::get_Employees()
FNDA:3,System.Collections.Generic.ICollection`1<ManagingAgriculture.Models.ApplicationUser> ManagingAgriculture.Models.Company::get_Employees()
DA:27,3
LF:6
LH:6
BRF:0
BRH:0
FNF:6
FNH:6
end_of_record
SF:C:\Users\Viktor\Desktop\diplomna\Managing-agriculture\ManagingAgriculture\Models\CompanyInvitation.cs
FN:6,System.Int32 ManagingAgriculture.Models.CompanyInvitation::get_Id()
FNDA:1,System.Int32 ManagingAgriculture.Models.CompanyInvitation::get_Id()
DA:7,1
FN:7,System.String ManagingAgriculture.Models.CompanyInvitation::get_Email()
FNDA:4,System.String ManagingAgriculture.Models.CompanyInvitation::get_Email()
DA:8,4
FN:8,System.Int32 ManagingAgriculture.Models.CompanyInvitation::get_CompanyId()
FNDA:3,System.Int32 ManagingAgriculture.Models.CompanyInvitation::get_CompanyId()
DA:9,3
FN:9,ManagingAgriculture.Models.Company ManagingAgriculture.Models.CompanyInvitation::get_Company()
FNDA:0,ManagingAgriculture.Models.Company ManagingAgriculture.Models.CompanyInvitation::get_Company()
DA:10,0
FN:10,System.String ManagingAgriculture.Models.CompanyInvitation::get_Role()
FNDA:3,System.String ManagingAgriculture.Models.CompanyInvitation::get_Role()
DA:11,3
FN:11,System.String ManagingAgriculture.Models.CompanyInvitation::get_Token()
FNDA:3,System.String ManagingAgriculture.Models.CompanyInvitation::get_Token()
DA:12,3
FN:12,System.Boolean ManagingAgriculture.Models.CompanyInvitation::get_IsUsed()
FNDA:4,System.Boolean ManagingAgriculture.Models.CompanyInvitation::get_IsUsed()
DA:13,4
FN:14,System.DateTime ManagingAgriculture.Models.CompanyInvitation::get_CreatedDate()
FNDA:2,System.DateTime ManagingAgriculture.Models.CompanyInvitation::get_CreatedDate()
DA:15,2
FN:18,System.Decimal ManagingAgriculture.Models.CompanyInvitation::get_Salary()
FNDA:4,System.Decimal ManagingAgriculture.Models.CompanyInvitation::get_Salary()
DA:19,4
FN:19,System.Int32 ManagingAgriculture.Models.CompanyInvitation::get_LeaveDays()
FNDA:6,System.Int32 ManagingAgriculture.Models.CompanyInvitation::get_LeaveDays()
DA:20,6
LF:10
LH:9
BRF:0
BRH:0
FNF:10
FNH:9
end_of_record
SF:C:\Users\Viktor\Desktop\diplomna\Managing-agriculture\ManagingAgriculture\Models\ContactForm.cs
FN:7,System.Int32 ManagingAgriculture.Models.ContactForm::get_Id()
FNDA:6,System.Int32 ManagingAgriculture.Models.ContactForm::get_Id()
DA:8,6
FN:9,System.DateTime ManagingAgriculture.Models.ContactForm::get_CreatedDate()
FNDA:9,System.DateTime ManagingAgriculture.Models.ContactForm::get_CreatedDate()
DA:10,9
FN:12,System.String ManagingAgriculture.Models.ContactForm::get_FullName()
FNDA:8,System.String ManagingAgriculture.Models.ContactForm::get_FullName()
DA:13,8
FN:16,System.String ManagingAgriculture.Models.ContactForm::get_Email()
FNDA:12,System.String ManagingAgriculture.Models.ContactForm::get_Email()
DA:17,12
FN:20,System.String ManagingAgriculture.Models.ContactForm::get_Message()
FNDA:14,System.String ManagingAgriculture.Models.ContactForm::get_Message()
DA:21,14
FN:23,System.String ManagingAgriculture.Models.ContactForm::get_ReplyMessage()
FNDA:4,System.String ManagingAgriculture.Models.ContactForm::get_ReplyMessage()
DA:24,4
FN:24,System.Boolean ManagingAgriculture.Models.ContactForm::get_IsReplied()
FNDA:15,System.Boolean ManagingAgriculture.Models.ContactForm::get_IsReplied()
DA:25,15
FN:25,System.Nullable`1<System.DateTime> ManagingAgriculture.Models.ContactForm::get_RepliedDate()
FNDA:2,System.Nullable`1<System.DateTime> ManagingAgriculture.Models.ContactForm::get_RepliedDate()
DA:26,2
FN:26,System.String ManagingAgriculture.Models.ContactForm::get_RepliedBy()
[...]
DA:287,0
DA:288,0
BRDA:279,1064,0,0
BRDA:279,1064,1,0
FN:294,System.Decimal ManagingAgriculture.Controllers.PlantsController::GetSeedRequirementKg(System.String,System.Decimal)
FNDA:2,System.Decimal ManagingAgriculture.Controllers.PlantsController::GetSeedRequirementKg(System.String,System.Decimal)
DA:295,2
DA:296,2
DA:297,2
DA:298,2
DA:299,2
DA:300,2
DA:301,2
DA:302,2
DA:303,2
DA:304,2
DA:305,2
DA:306,2
DA:307,2
DA:308,2
DA:309,2
DA:310,2
DA:311,2
DA:312,2
DA:313,2
DA:314,2
DA:315,2
DA:316,2
DA:317,2
DA:318,2
DA:319,2
DA:320,2
DA:321,2
DA:322,2
DA:324,2
DA:325,2
DA:328,0
DA:329,2
BRDA:324,1058,0,2
BRDA:324,1058,1,0
FN:334,System.Decimal ManagingAgriculture.Controllers.PlantsController::ConvertSeedToKg(System.Decimal,System.String)
FNDA:3,System.Decimal ManagingAgriculture.Controllers.PlantsController::ConvertSeedToKg(System.Decimal,System.String)
DA:335,3
DA:336,3
DA:337,3
DA:338,0
DA:339,0
DA:340,0
DA:341,0
DA:342,0
DA:343,3
DA:344,3
DA:345,3
BRDA:336,2,0,0
BRDA:336,2,1,3
BRDA:336,14,0,0
BRDA:336,14,1,3
BRDA:336,38,0,3
BRDA:336,51,0,3
BRDA:336,64,0,3
BRDA:336,77,0,3
BRDA:336,90,0,3
BRDA:336,38,1,0
BRDA:336,51,1,0
BRDA:336,64,1,0
BRDA:336,77,1,0
BRDA:336,90,1,0
BRDA:336,103,1,0
BRDA:336,103,0,3
FN:350,System.Decimal ManagingAgriculture.Controllers.PlantsController::ConvertKgToSeedUnit(System.Decimal,System.String)
FNDA:1,System.Decimal ManagingAgriculture.Controllers.PlantsController::ConvertKgToSeedUnit(System.Decimal,System.String)
DA:351,1
DA:352,1
DA:353,1
DA:354,0
DA:355,0
DA:356,0
DA:357,0
DA:358,0
DA:359,1
DA:360,1
DA:361,1
BRDA:352,2,0,0
BRDA:352,2,1,1
BRDA:352,14,0,0
BRDA:352,14,1,1
BRDA:352,38,0,1
BRDA:352,51,0,1
BRDA:352,64,0,1
BRDA:352,77,0,1
BRDA:352,90,0,1
BRDA:352,38,1,0
BRDA:352,51,1,0
BRDA:352,64,1,0
BRDA:352,77,1,0
BRDA:352,90,1,0
BRDA:352,103,1,0
BRDA:352,103,0,1
FN:366,System.Decimal ManagingAgriculture.Controllers.PlantsController::CalculateYield(System.String,System.Decimal)
FNDA:1,System.Decimal ManagingAgriculture.Controllers.PlantsController::CalculateYield(System.String,System.Decimal)
DA:367,1
DA:369,1
DA:370,1
DA:371,1
DA:372,1
DA:373,1
DA:374,1
DA:375,1
DA:376,1
DA:377,1
DA:378,1
DA:379,1
DA:380,1
DA:381,1
DA:382,1
DA:383,1
DA:384,1
DA:385,1
DA:386,1
DA:387,1
DA:389,1
DA:390,1
DA:392,0
DA:393,1
BRDA:389,1162,0,1
BRDA:389,1162,1,0
FN:18,System.Void ManagingAgriculture.Controllers.PlantsController::.ctor(ManagingAgriculture.Data.ApplicationDbContext,Microsoft.AspNetCore.Identity.UserManager`1<ManagingAgriculture.Models.ApplicationUser>)
FNDA:9,System.Void ManagingAgriculture.Controllers.PlantsController::.ctor(ManagingAgriculture.Data.ApplicationDbContext,Microsoft.AspNetCore.Identity.UserManager`1<ManagingAgriculture.Models.ApplicationUser>)
DA:19,9
DA:20,9
DA:21,9
DA:22,9
DA:23,9
DA:24,9
FN:174,System.Decimal ManagingAgriculture.Controllers.PlantsController/<>c::<Add>b__7_2(ManagingAgriculture.Models.Resource)
FNDA:5,System.Decimal ManagingAgriculture.Controllers.PlantsController/<>c::<Add>b__7_2(ManagingAgriculture.Models.Resource)
DA:175,5
FN:160,System.Decimal ManagingAgriculture.Controllers.PlantsController/<>c__DisplayClass7_0::<Add>b__0(ManagingAgriculture.Models.Resource)
FNDA:4,System.Decimal ManagingAgriculture.Controllers.PlantsController/<>c__DisplayClass7_0::<Add>b__0(ManagingAgriculture.Models.Resource)
DA:161,4
FN:68,System.Void ManagingAgriculture.Controllers.PlantsController/<Add>d__6::MoveNext()
FNDA:0,System.Void ManagingAgriculture.Controllers.PlantsController/<Add>d__6::MoveNext()
DA:69,0
DA:70,0
DA:71,0
DA:72,0
DA:75,0
DA:76,0
DA:77,0
DA:78,0
DA:82,0
DA:84,0
DA:85,0
DA:86,0
DA:87,0
DA:88,0
BRDA:72,207,0,0
BRDA:72,207,1,0
BRDA:75,246,0,0
BRDA:75,246,1,0
BRDA:75,276,0,0
BRDA:75,276,1,0
BRDA:84,468,1,0
BRDA:84,468,0,0
BRDA:85,572,1,0
BRDA:85,572,0,0
FN:92,System.Void ManagingAgriculture.Controllers.PlantsController/<Add>d__7::MoveNext()
FNDA:3,System.Void ManagingAgriculture.Controllers.PlantsController/<Add>d__7::MoveNext()
DA:93,3
DA:94,3
DA:95,3
DA:98,3
DA:99,1
DA:100,1
DA:101,1
DA:104,2
DA:105,0
DA:106,0
DA:107,0
DA:108,0
DA:112,2
DA:113,2
DA:114,0
DA:115,0
DA:116,0
DA:117,0
DA:118,0
DA:122,2
DA:123,2
DA:124,2
DA:125,0
DA:126,0
DA:127,0
DA:128,0
DA:129,0
DA:131,2
DA:133,0
DA:134,0
DA:135,0
DA:136,0
DA:137,0
DA:138,0
DA:139,0
DA:141,0
DA:144,2
DA:145,0
DA:146,0
DA:147,0
DA:151,2
DA:153,2
DA:154,2
DA:155,2
DA:156,2
DA:157,2
DA:158,2
DA:159,2
DA:163,2
DA:164,1
DA:165,1
DA:166,1
DA:167,1
DA:168,1
DA:169,1
DA:170,1
DA:174,1
DA:176,1
DA:177,1
DA:178,1
DA:180,1
DA:181,0
DA:182,0
DA:183,0
DA:184,0
DA:186,1
DA:187,1
DA:188,1
DA:189,1
DA:190,1
DA:191,1
DA:192,1
DA:194,2
DA:195,0
DA:196,1
DA:199,1
DA:202,1
DA:203,1
DA:204,1
DA:205,1
DA:206,1
DA:207,1
DA:208,1
DA:209,1
DA:210,1
DA:211,1
DA:213,1
DA:214,1
DA:215,1
DA:216,1
DA:217,1
DA:218,1
DA:219,1
DA:220,1
DA:221,1
DA:222,1
DA:223,1
DA:224,1
DA:225,1
DA:226,1
DA:227,1
DA:228,1
DA:229,1
DA:230,1
DA:232,1
DA:233,1
DA:236,1
DA:237,1
DA:238,1
DA:239,1
DA:241,1
DA:242,1
DA:243,3
BRDA:95,298,0,0
BRDA:95,298,1,3
BRDA:98,342,0,3
BRDA:98,342,1,0
BRDA:98,372,0,1
BRDA:98,372,1,2
BRDA:104,447,0,0
BRDA:106,458,1,0
BRDA:106,458,0,0
BRDA:107,561,1,0
BRDA:107,561,0,0
BRDA:104,447,1,2
BRDA:113,1048,0,0
BRDA:116,1086,1,0
BRDA:116,1086,0,0
BRDA:117,1189,1,0
BRDA:117,1189,0,0
BRDA:113,1048,1,2
BRDA:122,1525,0,2
BRDA:124,1602,0,0
BRDA:127,1640,1,0
BRDA:127,1640,0,0
BRDA:128,1743,1,0
BRDA:128,1743,0,0
BRDA:124,1602,1,2
BRDA:122,1525,1,0
BRDA:134,2093,0,0
BRDA:137,2131,1,0
BRDA:137,2131,0,0
BRDA:138,2234,1,0
BRDA:138,2234,0,0
BRDA:134,2093,1,0
BRDA:144,2557,0,0
BRDA:144,2557,1,2
BRDA:153,2668,0,2
BRDA:163,3210,0,1
BRDA:168,3430,1,1
BRDA:168,3430,0,1
BRDA:169,3533,1,1
BRDA:169,3533,0,1
BRDA:163,3210,1,1
BRDA:175,4227,1,1
BRDA:178,3988,1,1
BRDA:180,4016,0,0
BRDA:180,4016,1,1
BRDA:194,4204,1,0
BRDA:178,3988,0,1
BRDA:194,4204,0,1
BRDA:175,4227,0,1
BRDA:153,2668,1,1
BRDA:199,4295,0,1
BRDA:199,4295,1,0
BRDA:202,4368,0,0
BRDA:202,4368,1,1
BRDA:202,4440,0,0
BRDA:202,4440,1,1
BRDA:213,4729,0,1
BRDA:213,4729,1,0
FN:564,System.Void ManagingAgriculture.Controllers.PlantsController/<Delete>d__15::MoveNext()
FNDA:1,System.Void ManagingAgriculture.Controllers.PlantsController/<Delete>d__15::MoveNext()
DA:565,1
DA:566,1
DA:567,1
DA:569,1
DA:570,1
DA:571,1
DA:572,1
DA:573,1
DA:574,1
DA:577,1
DA:578,0
DA:579,0
DA:580,0
DA:582,1
DA:584,0
DA:586,0
DA:587,0
DA:590,1
DA:591,1
DA:592,1
DA:593,1
DA:594,1
DA:595,1
DA:596,1
DA:597,1
DA:598,1
DA:599,1
DA:601,1
DA:602,1
DA:603,1
DA:604,1
DA:605,1
BRDA:567,203,0,0
BRDA:567,203,1,1
BRDA:570,397,0,1
BRDA:572,427,0,1
BRDA:574,499,0,0
BRDA:574,499,1,1
BRDA:577,539,0,1
BRDA:577,539,1,0
BRDA:577,569,0,0
BRDA:577,569,1,1
BRDA:572,427,1,0
BRDA:586,656,0,0
BRDA:586,656,1,0
BRDA:590,700,0,1
BRDA:593,886,0,1
BRDA:593,886,1,1
BRDA:590,700,1,1
BRDA:570,397,1,1
FN:396,System.Void ManagingAgriculture.Controllers.PlantsController/<Edit>d__13::MoveNext()
FNDA:2,System.Void ManagingAgriculture.Controllers.PlantsController/<Edit>d__13::MoveNext()
DA:397,2
DA:398,2
DA:399,2
DA:401,2
DA:403,3
DA:405,1
DA:406,1
DA:407,1
DA:410,1
DA:411,0
DA:412,0
DA:413,0
DA:415,1
DA:417,0
DA:418,0
DA:419,0
DA:421,1
DA:422,1
DA:423,1
DA:424,1
DA:425,1
DA:426,1
DA:427,1
DA:428,1
DA:429,1
DA:430,1
DA:431,1
DA:432,1
DA:433,1
DA:436,1
DA:437,1
DA:438,1
DA:439,1
DA:442,1
DA:443,1
DA:445,1
DA:446,2
BRDA:399,222,0,0
BRDA:399,222,1,2
BRDA:403,568,0,1
BRDA:403,568,1,1
BRDA:405,611,0,1
BRDA:407,683,0,0
BRDA:407,683,1,1
BRDA:410,727,0,0
BRDA:410,727,1,1
BRDA:405,611,1,0
BRDA:418,814,0,0
BRDA:418,814,1,0
BRDA:436,1039,1,1
BRDA:436,1039,0,1
BRDA:437,1323,1,1
BRDA:437,1323,0,1
BRDA:438,1426,1,1
BRDA:438,1426,0,1
BRDA:439,1535,1,1
BRDA:439,1535,0,1
BRDA:443,1683,1,1
BRDA:443,1683,0,1
FN:450,System.Void ManagingAgriculture.Controllers.PlantsController/<Edit>d__14::MoveNext()
FNDA:0,System.Void ManagingAgriculture.Controllers.PlantsController/<Edit>d__14::MoveNext()
DA:451,0
DA:452,0
DA:453,0
DA:456,0
DA:457,0
DA:458,0
DA:459,0
DA:462,0
DA:463,0
DA:464,0
DA:465,0
DA:466,0
DA:467,0
DA:468,0
DA:471,0
DA:473,0
DA:476,0
DA:477,0
DA:478,0
DA:479,0
DA:481,0
DA:482,0
DA:483,0
DA:486,0
DA:487,0
DA:488,0
DA:489,0
DA:492,0
DA:493,0
DA:494,0
DA:495,0
DA:496,0
DA:497,0
DA:498,0
DA:499,0
DA:500,0
DA:501,0
DA:502,0
DA:504,0
DA:505,0
DA:506,0
DA:507,0
DA:508,0
DA:509,0
DA:510,0
DA:511,0
DA:515,0
DA:516,0
DA:517,0
DA:518,0
DA:519,0
DA:520,0
DA:521,0
DA:522,0
DA:523,0
DA:524,0
DA:526,0
DA:527,0
DA:528,0
DA:529,0
DA:530,0
DA:532,0
DA:534,0
DA:535,0
DA:536,0
DA:537,0
DA:538,0
DA:539,0
DA:540,0
DA:541,0
DA:542,0
DA:543,0
DA:545,0
DA:546,0
DA:547,0
DA:548,0
DA:549,0
DA:550,0
DA:551,0
DA:552,0
DA:553,0
DA:555,0
DA:556,0
DA:558,0
DA:559,0
DA:560,0
BRDA:453,270,0,0
BRDA:453,270,1,0
BRDA:456,309,0,0
BRDA:456,309,1,0
BRDA:456,339,0,0
BRDA:456,339,1,0
BRDA:462,414,0,0
BRDA:464,425,1,0
BRDA:464,425,0,0
BRDA:465,709,1,0
BRDA:465,709,0,0
BRDA:466,812,1,0
BRDA:466,812,0,0
BRDA:467,911,1,0
BRDA:467,911,0,0
BRDA:462,414,1,0
BRDA:473,1365,0,0
BRDA:473,1365,1,0
BRDA:476,1408,0,0
BRDA:478,1477,0,0
BRDA:478,1477,1,0
BRDA:476,1408,1,0
BRDA:482,1531,0,0
BRDA:482,1531,1,0
BRDA:486,1582,0,0
BRDA:486,1582,1,0
BRDA:492,1661,0,0
BRDA:495,1847,0,0
BRDA:498,1885,1,0
BRDA:498,1885,0,0
BRDA:499,2169,1,0
BRDA:499,2169,0,0
BRDA:500,2272,1,0
BRDA:500,2272,0,0
BRDA:501,2371,1,0
BRDA:501,2371,0,0
BRDA:495,1847,1,0
BRDA:504,2513,0,0
BRDA:507,2551,1,0
BRDA:507,2551,0,0
BRDA:508,2835,1,0
BRDA:508,2835,0,0
BRDA:509,2938,1,0
BRDA:509,2938,0,0
BRDA:510,3037,1,0
BRDA:510,3037,0,0
BRDA:504,2513,1,0
BRDA:515,3188,0,0
BRDA:518,3374,0,0
BRDA:518,3374,1,0
BRDA:515,3188,1,0
BRDA:492,1661,1,0
BRDA:532,3555,0,0
BRDA:532,3555,1,0
BRDA:534,3628,0,0
BRDA:534,3628,1,0
BRDA:534,3640,0,0
BRDA:534,3640,1,0
BRDA:534,3660,0,0
BRDA:534,3660,1,0
BRDA:534,3733,0,0
BRDA:534,3733,1,0
BRDA:534,3745,0,0
BRDA:534,3745,1,0
FN:27,System.Void ManagingAgriculture.Controllers.PlantsController/<GetUserFields>d__4::MoveNext()
FNDA:2,System.Void ManagingAgriculture.Controllers.PlantsController/<GetUserFields>d__4::MoveNext()
DA:28,2
DA:30,2
DA:31,2
DA:32,2
DA:33,2
DA:35,0
DA:36,0
DA:37,0
DA:38,3
DA:39,2
DA:40,2
BRDA:30,72,0,2
BRDA:30,72,1,0
BRDA:38,397,0,1
BRDA:38,397,1,2
FN:609,System.Void ManagingAgriculture.Controllers.PlantsController/<Harvest>d__16::MoveNext()
FNDA:2,System.Void ManagingAgriculture.Controllers.PlantsController/<Harvest>d__16::MoveNext()
DA:610,2
DA:611,2
DA:612,2
DA:614,2
DA:615,2
DA:618,2
DA:619,2
DA:620,2
DA:621,2
DA:623,0
DA:624,0
DA:625,0
DA:628,2
DA:629,1
DA:630,1
DA:631,1
DA:635,1
DA:636,1
DA:639,1
DA:640,1
DA:641,1
DA:642,1
DA:643,1
DA:644,1
DA:645,1
DA:646,1
DA:647,1
DA:648,1
DA:649,1
DA:650,1
DA:651,1
DA:654,1
DA:655,1
DA:656,1
DA:657,1
DA:658,1
DA:659,1
DA:660,1
DA:661,1
DA:662,1
DA:663,1
DA:666,1
DA:667,1
DA:669,1
DA:670,1
DA:671,2
BRDA:612,231,0,0
BRDA:612,231,1,2
BRDA:615,577,0,0
BRDA:615,577,1,2
BRDA:618,620,0,2
BRDA:620,689,0,0
BRDA:620,689,1,2
BRDA:618,620,1,0
BRDA:624,743,0,0
BRDA:624,743,1,0
BRDA:628,782,0,1
BRDA:628,782,1,1
BRDA:635,904,0,0
BRDA:635,904,1,1
BRDA:639,1003,0,1
BRDA:639,1003,1,0
BRDA:639,1074,0,0
BRDA:639,1074,1,1
BRDA:654,1209,0,1
BRDA:657,1395,0,1
BRDA:657,1395,1,1
BRDA:654,1209,1,1
FN:42,System.Void ManagingAgriculture.Controllers.PlantsController/<Index>d__5::MoveNext()
FNDA:1,System.Void ManagingAgriculture.Controllers.PlantsController/<Index>d__5::MoveNext()
DA:43,1
DA:44,1
DA:45,1
DA:46,1
DA:49,1
DA:50,1
DA:51,1
DA:52,1
DA:53,1
DA:54,1
DA:55,1
DA:57,0
DA:58,0
DA:59,0
DA:60,0
DA:61,0
DA:62,0
DA:64,1
DA:65,1
BRDA:46,245,0,0
BRDA:46,245,1,1
BRDA:49,293,0,1
BRDA:49,293,1,0
LF:480
LH:278
BRF:240
BRH:90
FNF:16
FNH:13
end_of_record
SF:C:\Users\Viktor\Desktop\diplomna\Managing-agriculture\ManagingAgriculture\Controllers\ResourcesController.cs
FN:230,System.Boolean ManagingAgriculture.Controllers.ResourcesController::ResourceExists(System.Int32)
FNDA:0,System.Boolean ManagingAgriculture.Controllers.ResourcesController::ResourceExists(System.Int32)
DA:231,0
DA:232,0
DA:233,0
FN:19,System.Void ManagingAgriculture.Controllers.ResourcesController::.ctor(ManagingAgriculture.Data.ApplicationDbContext,Microsoft.AspNetCore.Identity.UserManager`1<ManagingAgriculture.Models.ApplicationUser>)
FNDA:4,System.Void ManagingAgriculture.Controllers.ResourcesController::.ctor(ManagingAgriculture.Data.ApplicationDbContext,Microsoft.AspNetCore.Identity.UserManager`1<ManagingAgriculture.Models.ApplicationUser>)
DA:20,4
DA:21,4
DA:22,4
DA:23,4
DA:24,4
FN:236,System.Int32 ManagingAgriculture.Controllers.ResourcesController/AdjustRequest::get_Id()
FNDA:2,System.Int32 ManagingAgriculture.Controllers.ResourcesController/AdjustRequest::get_Id()
DA:237,2
FN:237,System.Int32 ManagingAgriculture.Controllers.ResourcesController/AdjustRequest::get_Delta()
FNDA:2,System.Int32 ManagingAgriculture.Controllers.ResourcesController/AdjustRequest::get_Delta()
DA:238,2
FN:64,System.Void ManagingAgriculture.Controllers.ResourcesController/<Add>d__4::MoveNext()
FNDA:0,System.Void ManagingAgriculture.Controllers.ResourcesController/<Add>d__4::MoveNext()
DA:65,0
DA:66,0
DA:67,0
DA:69,0
DA:70,0
DA:71,0
DA:72,0
DA:74,0
DA:75,0
DA:76,0
BRDA:67,169,0,0
BRDA:67,169,1,0
BRDA:69,208,0,0
BRDA:69,208,1,0
BRDA:69,238,0,0
BRDA:69,238,1,0
FN:80,System.Void ManagingAgriculture.Controllers.ResourcesController/<Add>d__5::MoveNext()
FNDA:1,System.Void ManagingAgriculture.Controllers.ResourcesController/<Add>d__5::MoveNext()
DA:81,1
DA:82,1
DA:83,1
DA:85,1
DA:86,0
DA:87,0
DA:88,0
DA:91,1
DA:92,0
DA:95,1
DA:96,1
DA:97,1
DA:98,1
DA:99,1
DA:101,1
DA:102,1
DA:104,1
DA:105,1
DA:107,1
DA:108,1
BRDA:83,180,0,0
BRDA:83,180,1,1
BRDA:85,219,0,1
BRDA:85,219,1,0
BRDA:85,249,0,0
BRDA:85,249,1,1
BRDA:91,324,0,0
BRDA:91,324,1,1
BRDA:95,362,0,1
BRDA:95,362,1,1
FN:201,System.Void ManagingAgriculture.Controllers.ResourcesController/<AdjustQuantity>d__9::MoveNext()
FNDA:0,System.Void ManagingAgriculture.Controllers.ResourcesController/<AdjustQuantity>d__9::MoveNext()
DA:202,0
DA:203,0
DA:204,0
DA:205,0
DA:206,0
DA:207,0
DA:208,0
DA:209,0
DA:210,0
DA:211,0
BRDA:204,198,0,0
BRDA:204,198,1,0
FN:217,System.Void ManagingAgriculture.Controllers.ResourcesController/<AdjustQuantityAjax>d__10::MoveNext()
FNDA:1,System.Void ManagingAgriculture.Controllers.ResourcesController/<AdjustQuantityAjax>d__10::MoveNext()
DA:218,1
DA:219,1
DA:220,1
DA:221,0
DA:223,1
DA:224,1
DA:225,1
DA:227,1
DA:228,1
BRDA:220,203,0,0
BRDA:220,203,1,1
FN:172,System.Void ManagingAgriculture.Controllers.ResourcesController/<Delete>d__8::MoveNext()
FNDA:1,System.Void ManagingAgriculture.Controllers.ResourcesController/<Delete>d__8::MoveNext()
DA:173,1
DA:174,1
DA:175,1
DA:178,1
DA:179,1
DA:180,1
DA:181,1
DA:184,0
DA:185,0
DA:186,0
DA:188,0
DA:189,0
DA:190,0
DA:191,0
DA:192,0
DA:193,0
DA:194,0
DA:195,1
BRDA:175,194,0,0
BRDA:175,194,1,1
BRDA:178,233,0,1
BRDA:178,233,1,0
BRDA:178,266,0,1
BRDA:178,266,1,0
BRDA:185,493,0,0
BRDA:188,519,0,0
BRDA:188,519,1,0
BRDA:188,555,0,0
BRDA:188,555,1,0
BRDA:185,493,1,0
FN:111,System.Void ManagingAgriculture.Controllers.ResourcesController/<Edit>d__6::MoveNext()
FNDA:0,System.Void ManagingAgriculture.Controllers.ResourcesController/<Edit>d__6::MoveNext()
DA:112,0
DA:113,0
DA:114,0
DA:116,0
DA:117,0
DA:118,0
DA:119,0
DA:121,0
DA:122,0
DA:124,0
DA:125,0
DA:126,0
BRDA:114,180,0,0
BRDA:114,180,1,0
BRDA:116,219,0,0
BRDA:116,219,1,0
BRDA:116,249,0,0
BRDA:116,249,1,0
BRDA:122,476,0,0
BRDA:122,476,1,0
BRDA:124,515,0,0
BRDA:124,515,1,0
BRDA:124,551,0,0
BRDA:124,551,1,0
FN:130,System.Void ManagingAgriculture.Controllers.ResourcesController/<Edit>d__7::MoveNext()
FNDA:0,System.Void ManagingAgriculture.Controllers.ResourcesController/<Edit>d__7::MoveNext()
DA:131,0
DA:132,0
DA:133,0
DA:135,0
DA:136,0
DA:137,0
DA:138,0
DA:141,0
DA:143,0
DA:146,0
DA:147,0
DA:148,0
DA:150,0
DA:151,0
DA:152,0
DA:153,0
DA:156,0
DA:158,0
DA:159,0
DA:160,0
DA:161,0
DA:162,0
DA:163,0
DA:164,0
DA:167,0
DA:168,0
BRDA:131,16,0,0
BRDA:133,210,0,0
BRDA:133,210,1,0
BRDA:135,249,0,0
BRDA:135,249,1,0
BRDA:135,279,0,0
BRDA:135,279,1,0
BRDA:141,362,0,0
BRDA:141,362,1,0
BRDA:143,404,0,0
BRDA:131,16,1,0
BRDA:143,404,1,0
BRDA:148,720,0,0
BRDA:148,720,1,0
BRDA:163,1037,0,0
BRDA:163,1037,1,0
FN:29,System.Void ManagingAgriculture.Controllers.ResourcesController/<Index>d__3::MoveNext()
FNDA:1,System.Void ManagingAgriculture.Controllers.ResourcesController/<Index>d__3::MoveNext()
DA:30,1
DA:31,1
DA:32,1
DA:33,1
DA:35,1
DA:38,1
DA:39,1
DA:40,1
DA:41,1
DA:43,0
DA:45,0
DA:46,0
DA:49,1
DA:50,0
DA:51,0
DA:52,0
DA:54,1
DA:57,1
DA:58,1
DA:60,1
DA:61,1
BRDA:33,262,0,0
BRDA:33,262,1,1
BRDA:38,337,0,1
BRDA:38,337,1,0
BRDA:49,648,0,0
BRDA:49,648,1,1
BRDA:49,678,0,0
BRDA:49,678,1,1
BRDA:57,943,1,1
BRDA:57,943,0,1
BRDA:58,1310,1,1
BRDA:58,1310,0,1
BRDA:58,1409,0,1
BRDA:58,1409,1,1
LF:136
LH:54
BRF:74
BRH:20
FNF:12
FNH:7
end_of_record
SF:C:\Users\Viktor\Desktop\diplomna\Managing-agriculture\ManagingAgriculture\Controllers\SensorsController.cs
FN:15,Microsoft.AspNetCore.Mvc.IActionResult ManagingAgriculture.Controllers.SensorsController::Index()
FNDA:2,Microsoft.AspNetCore.Mvc.IActionResult ManagingAgriculture.Controllers.SensorsController::Index()
DA:16,2
DA:17,2
DA:18,1
DA:19,1
DA:21,1
DA:22,2
BRDA:17,17,0,1
BRDA:17,17,1,1
FN:25,Microsoft.AspNetCore.Mvc.IActionResult ManagingAgriculture.Controllers.SensorsController::GetWaterLevel()
FNDA:1,Microsoft.AspNetCore.Mvc.IActionResult ManagingAgriculture.Controllers.SensorsController::GetWaterLevel()
DA:26,1
DA:27,1
DA:28,1
FN:9,System.Void ManagingAgriculture.Controllers.SensorsController::.ctor(ManagingAgriculture.Services.ArduinoService)
FNDA:3,System.Void ManagingAgriculture.Controllers.SensorsController::.ctor(ManagingAgriculture.Services.ArduinoService)
DA:10,3
DA:11,3
DA:12,3
DA:13,3
LF:13
LH:13
BRF:2
BRH:2
FNF:3
FNH:3
end_of_record
SF:C:\Users\Viktor\Desktop\diplomna\Managing-agriculture\ManagingAgriculture\Controllers\TaskController.cs
FN:17,System.Void ManagingAgriculture.Controllers.TaskController::.ctor(ManagingAgriculture.Data.ApplicationDbContext,Microsoft.AspNetCore.Identity.UserManager`1<ManagingAgriculture.Models.ApplicationUser>)
FNDA:3,System.Void ManagingAgriculture.Controllers.TaskController::.ctor(ManagingAgriculture.Data.ApplicationDbContext,Microsoft.AspNetCore.Identity.UserManager`1<ManagingAgriculture.Models.ApplicationUser>)
DA:18,3
DA:19,3
DA:20,3
DA:21,3
DA:22,3
FN:51,System.String ManagingAgriculture.Controllers.TaskController/<>c::<Index>b__3_3(ManagingAgriculture.Models.ApplicationUser)
FNDA:0,System.String ManagingAgriculture.Controllers.TaskController/<>c::<Index>b__3_3(ManagingAgriculture.Models.ApplicationUser)
DA:52,0
FN:59,System.DateTime ManagingAgriculture.Controllers.TaskController/<>c::<Index>b__3_4(ManagingAgriculture.Models.TaskAssignment)
FNDA:0,System.DateTime ManagingAgriculture.Controllers.TaskController/<>c::<Index>b__3_4(ManagingAgriculture.Models.TaskAssignment)
DA:60,0
FN:50,System.Boolean ManagingAgriculture.Controllers.TaskController/<>c__DisplayClass3_0::<Index>b__2(ManagingAgriculture.Models.ApplicationUser)
FNDA:0,System.Boolean ManagingAgriculture.Controllers.TaskController/<>c__DisplayClass3_0::<Index>b__2(ManagingAgriculture.Models.ApplicationUser)
DA:51,0
FN:76,System.Void ManagingAgriculture.Controllers.TaskController/<CompleteTask>d__4::MoveNext()
FNDA:1,System.Void ManagingAgriculture.Controllers.TaskController/<CompleteTask>d__4::MoveNext()
DA:77,1
DA:78,1
DA:79,1
DA:81,1
DA:82,1
DA:83,1
DA:86,1
DA:87,1
DA:89,1
DA:90,1
BRDA:81,349,0,1
BRDA:81,349,1,0
BRDA:81,385,0,1
BRDA:81,385,1,1
FN:24,System.Void ManagingAgriculture.Controllers.TaskController/<Index>d__3::MoveNext()
FNDA:2,System.Void ManagingAgriculture.Controllers.TaskController/<Index>d__3::MoveNext()
DA:25,2
DA:26,2
DA:27,2
DA:29,2
DA:31,2
DA:32,1
DA:34,1
DA:35,1
DA:36,1
DA:37,1
DA:38,1
DA:39,1
DA:40,0
DA:44,0
DA:45,0
DA:46,0
DA:49,0
DA:50,0
DA:53,0
DA:55,0
DA:56,0
DA:57,0
DA:59,0
DA:61,0
DA:62,0
DA:64,1
DA:66,1
DA:67,1
DA:68,1
DA:69,1
DA:70,1
DA:72,2
DA:73,2
BRDA:27,242,0,0
BRDA:27,242,1,2
BRDA:31,297,0,1
BRDA:31,297,1,1
BRDA:39,673,0,0
BRDA:39,673,1,1
LF:51
LH:35
BRF:10
BRH:7
FNF:6
FNH:3
end_of_record